2011-09-16 00:02:46,328 [4] DEBUG JasminSoft.NHibernateUtils.SessionContext - NHibernate session opened.
2011-09-16 00:02:46,421 [4] DEBUG JasminSoft.NHibernateUtils.SessionContext - Session flushed.
2011-09-16 00:02:46,421 [4] DEBUG JasminSoft.NHibernateUtils.SessionContext - Session closed.
2011-09-16 00:02:46,421 [4] DEBUG JasminSoft.NHibernateUtils.SessionContext - NHibernate session opened.
2011-09-16 00:02:46,421 [4] DEBUG JasminSoft.NHibernateUtils.SessionContext - Session flushed.
2011-09-16 00:02:46,421 [4] DEBUG JasminSoft.NHibernateUtils.SessionContext - Session closed.
2011-09-16 00:02:47,031 [24] DEBUG JasminSoft.NHibernateUtils.SessionContext - NHibernate session opened.
2011-09-16 00:02:47,031 [24] DEBUG JasminSoft.NHibernateUtils.SessionContext - Session flushed.
2011-09-16 00:02:47,031 [24] DEBUG JasminSoft.NHibernateUtils.SessionContext - Session closed.
2011-09-16 00:02:47,078 [17] DEBUG JasminSoft.NHibernateUtils.SessionContext - NHibernate session opened.
2011-09-16 00:02:47,093 [17] DEBUG JasminSoft.NHibernateUtils.SessionContext - Session flushed.
2011-09-16 00:02:47,093 [17] DEBUG JasminSoft.NHibernateUtils.SessionContext - Session closed.
2011-09-16 00:02:47,093 [17] DEBUG JasminSoft.NHibernateUtils.SessionContext - NHibernate session opened.
2011-09-16 00:02:47,093 [17] DEBUG JasminSoft.NHibernateUtils.SessionContext - Session flushed.
2011-09-16 00:02:47,093 [17] DEBUG JasminSoft.NHibernateUtils.SessionContext - Session closed.
2011-09-16 00:02:47,093 [17] DEBUG JasminSoft.NHibernateUtils.SessionContext - NHibernate session opened.
2011-09-16 00:02:47,140 [17] DEBUG JasminSoft.NHibernateUtils.SessionContext - Session flushed.
2011-09-16 00:02:47,140 [17] DEBUG JasminSoft.NHibernateUtils.SessionContext - Session closed.
2011-09-16 00:02:47,609 [25] DEBUG JasminSoft.NHibernateUtils.SessionContext - NHibernate session opened.
2011-09-16 00:02:47,625 [25] DEBUG JasminSoft.NHibernateUtils.SessionContext - Session flushed.
2011-09-16 00:02:47,625 [25] DEBUG JasminSoft.NHibernateUtils.SessionContext - Session closed.
2011-09-16 00:02:48,109 [24] DEBUG JasminSoft.NHibernateUtils.SessionContext - NHibernate session opened.
2011-09-16 00:02:48,109 [24] DEBUG JasminSoft.NHibernateUtils.SessionContext - Session flushed.
2011-09-16 00:02:48,109 [24] DEBUG JasminSoft.NHibernateUtils.SessionContext - Session closed.
2011-09-16 00:02:48,125 [17] DEBUG JasminSoft.NHibernateUtils.SessionContext - NHibernate session opened.
2011-09-16 00:02:48,140 [17] DEBUG JasminSoft.NHibernateUtils.SessionContext - Session flushed.
2011-09-16 00:02:48,140 [17] DEBUG JasminSoft.NHibernateUtils.SessionContext - Session closed.
2011-09-16 00:02:49,515 [17] DEBUG JasminSoft.NHibernateUtils.SessionContext - NHibernate session opened.
2011-09-16 00:02:49,531 [17] DEBUG JasminSoft.NHibernateUtils.SessionContext - Session flushed.
2011-09-16 00:02:49,531 [17] DEBUG JasminSoft.NHibernateUtils.SessionContext - Session closed.
2011-09-16 00:02:53,312 [17] DEBUG JasminSoft.NHibernateUtils.SessionContext - NHibernate session opened.
2011-09-16 00:02:53,312 [17] DEBUG JasminSoft.NHibernateUtils.SessionContext - Session flushed.
2011-09-16 00:02:53,312 [17] DEBUG JasminSoft.NHibernateUtils.SessionContext - Session closed.
2011-09-16 00:04:30,718 [5] DEBUG JasminSoft.NHibernateUtils.SessionContext - NHibernate session opened.
2011-09-16 00:04:30,750 [5] DEBUG JasminSoft.NHibernateUtils.SessionContext - Session flushed.
2011-09-16 00:04:30,750 [5] DEBUG JasminSoft.NHibernateUtils.SessionContext - Session closed.
2011-09-16 00:04:30,750 [5] DEBUG JasminSoft.NHibernateUtils.SessionContext - NHibernate session opened.
2011-09-16 00:04:30,750 [5] DEBUG JasminSoft.NHibernateUtils.SessionContext - Session flushed.
2011-09-16 00:04:30,750 [5] DEBUG JasminSoft.NHibernateUtils.SessionContext - Session closed.
2011-09-16 00:04:31,468 [24] DEBUG JasminSoft.NHibernateUtils.SessionContext - NHibernate session opened.
2011-09-16 00:04:31,468 [24] DEBUG JasminSoft.NHibernateUtils.SessionContext - Session flushed.
2011-09-16 00:04:31,468 [24] DEBUG JasminSoft.NHibernateUtils.SessionContext - Session closed.
2011-09-16 00:04:31,515 [4] DEBUG JasminSoft.NHibernateUtils.SessionContext - NHibernate session opened.
2011-09-16 00:04:31,515 [4] DEBUG JasminSoft.NHibernateUtils.SessionContext - Session flushed.
2011-09-16 00:04:31,515 [4] DEBUG JasminSoft.NHibernateUtils.SessionContext - Session closed.
2011-09-16 00:04:31,515 [4] DEBUG JasminSoft.NHibernateUtils.SessionContext - NHibernate session opened.
2011-09-16 00:04:31,515 [4] DEBUG JasminSoft.NHibernateUtils.SessionContext - Session flushed.
2011-09-16 00:04:31,515 [4] DEBUG JasminSoft.NHibernateUtils.SessionContext - Session closed.
2011-09-16 00:04:31,515 [4] DEBUG JasminSoft.NHibernateUtils.SessionContext - NHibernate session opened.
2011-09-16 00:04:31,562 [4] DEBUG JasminSoft.NHibernateUtils.SessionContext - Session flushed.
2011-09-16 00:04:31,562 [4] DEBUG JasminSoft.NHibernateUtils.SessionContext - Session closed.
2011-09-16 00:04:32,031 [4] DEBUG JasminSoft.NHibernateUtils.SessionContext - NHibernate session opened.
2011-09-16 00:04:32,031 [4] DEBUG JasminSoft.NHibernateUtils.SessionContext - Session flushed.
2011-09-16 00:04:32,031 [4] DEBUG JasminSoft.NHibernateUtils.SessionContext - Session closed.
2011-09-16 00:04:32,046 [25] DEBUG JasminSoft.NHibernateUtils.SessionContext - NHibernate session opened.
2011-09-16 00:04:32,046 [25] DEBUG JasminSoft.NHibernateUtils.SessionContext - Session flushed.
2011-09-16 00:04:32,046 [25] DEBUG JasminSoft.NHibernateUtils.SessionContext - Session closed.
2011-09-16 00:04:32,546 [4] DEBUG JasminSoft.NHibernateUtils.SessionContext - NHibernate session opened.
2011-09-16 00:04:32,546 [4] DEBUG JasminSoft.NHibernateUtils.SessionContext - Session flushed.
2011-09-16 00:04:32,546 [4] DEBUG JasminSoft.NHibernateUtils.SessionContext - Session closed.
2011-09-16 00:04:37,984 [25] DEBUG JasminSoft.NHibernateUtils.SessionContext - NHibernate session opened.
2011-09-16 00:04:37,984 [25] DEBUG JasminSoft.NHibernateUtils.SessionContext - Session flushed.
2011-09-16 00:04:37,984 [25] DEBUG JasminSoft.NHibernateUtils.SessionContext - Session closed.
2011-09-16 00:04:37,984 [4] DEBUG JasminSoft.NHibernateUtils.SessionContext - NHibernate session opened.
2011-09-16 00:04:38,031 [4] DEBUG JasminSoft.NHibernateUtils.SessionContext - Session flushed.
2011-09-16 00:04:38,031 [4] DEBUG JasminSoft.NHibernateUtils.SessionContext - Session closed.
2011-09-16 00:04:38,062 [24] DEBUG JasminSoft.NHibernateUtils.SessionContext - NHibernate session opened.
2011-09-16 00:04:38,078 [24] DEBUG JasminSoft.NHibernateUtils.SessionContext - Session flushed.
2011-09-16 00:04:38,078 [24] DEBUG JasminSoft.NHibernateUtils.SessionContext - Session closed.
2011-09-16 00:04:38,078 [5] DEBUG JasminSoft.NHibernateUtils.SessionContext - NHibernate session opened.
2011-09-16 00:04:38,109 [5] DEBUG JasminSoft.NHibernateUtils.SessionContext - Session flushed.
2011-09-16 00:04:38,109 [5] DEBUG JasminSoft.NHibernateUtils.SessionContext - Session closed.
2011-09-16 00:08:08,140 [24] DEBUG JasminSoft.NHibernateUtils.SessionContext - NHibernate session opened.
2011-09-16 00:08:08,171 [24] DEBUG JasminSoft.NHibernateUtils.SessionContext - Session flushed.
2011-09-16 00:08:08,171 [24] DEBUG JasminSoft.NHibernateUtils.SessionContext - Session closed.
2011-09-16 00:08:08,171 [24] DEBUG JasminSoft.NHibernateUtils.SessionContext - NHibernate session opened.
2011-09-16 00:08:08,171 [24] DEBUG JasminSoft.NHibernateUtils.SessionContext - Session flushed.
2011-09-16 00:08:08,171 [24] DEBUG JasminSoft.NHibernateUtils.SessionContext - Session closed.
2011-09-16 00:08:09,296 [23] DEBUG JasminSoft.NHibernateUtils.SessionContext - NHibernate session opened.
2011-09-16 00:08:09,296 [23] DEBUG JasminSoft.NHibernateUtils.SessionContext - Session flushed.
2011-09-16 00:08:09,296 [23] DEBUG JasminSoft.NHibernateUtils.SessionContext - Session closed.
2011-09-16 00:08:09,343 [17] DEBUG JasminSoft.NHibernateUtils.SessionContext - NHibernate session opened.
2011-09-16 00:08:09,343 [17] DEBUG JasminSoft.NHibernateUtils.SessionContext - Session flushed.
2011-09-16 00:08:09,343 [17] DEBUG JasminSoft.NHibernateUtils.SessionContext - Session closed.
2011-09-16 00:08:09,343 [17] DEBUG JasminSoft.NHibernateUtils.SessionContext - NHibernate session opened.
2011-09-16 00:08:09,343 [17] DEBUG JasminSoft.NHibernateUtils.SessionContext - Session flushed.
2011-09-16 00:08:09,359 [17] DEBUG JasminSoft.NHibernateUtils.SessionContext - Session closed.
2011-09-16 00:08:09,359 [17] DEBUG JasminSoft.NHibernateUtils.SessionContext - NHibernate session opened.
2011-09-16 00:08:09,406 [17] DEBUG JasminSoft.NHibernateUtils.SessionContext - Session flushed.
2011-09-16 00:08:09,406 [17] DEBUG JasminSoft.NHibernateUtils.SessionContext - Session closed.
2011-09-16 00:08:09,859 [25] DEBUG JasminSoft.NHibernateUtils.SessionContext - NHibernate session opened.
2011-09-16 00:08:09,875 [25] DEBUG JasminSoft.NHibernateUtils.SessionContext - Session flushed.
2011-09-16 00:08:09,875 [25] DEBUG JasminSoft.NHibernateUtils.SessionContext - Session closed.
2011-09-16 00:08:10,359 [5] DEBUG JasminSoft.NHibernateUtils.SessionContext - NHibernate session opened.
2011-09-16 00:08:10,375 [5] DEBUG JasminSoft.NHibernateUtils.SessionContext - Session flushed.
2011-09-16 00:08:10,375 [5] DEBUG JasminSoft.NHibernateUtils.SessionContext - Session closed.
2011-09-16 00:08:10,375 [4] DEBUG JasminSoft.NHibernateUtils.SessionContext - NHibernate session opened.
2011-09-16 00:08:10,390 [4] DEBUG JasminSoft.NHibernateUtils.SessionContext - Session flushed.
2011-09-16 00:08:10,390 [4] DEBUG JasminSoft.NHibernateUtils.SessionContext - Session closed.
2011-09-16 00:08:14,140 [23] DEBUG JasminSoft.NHibernateUtils.SessionContext - NHibernate session opened.
2011-09-16 00:08:14,140 [23] DEBUG JasminSoft.NHibernateUtils.SessionContext - Session flushed.
2011-09-16 00:08:14,140 [23] DEBUG JasminSoft.NHibernateUtils.SessionContext - Session closed.
2011-09-16 00:08:14,140 [25] DEBUG JasminSoft.NHibernateUtils.SessionContext - NHibernate session opened.
2011-09-16 00:08:14,140 [25] DEBUG JasminSoft.NHibernateUtils.SessionContext - Session flushed.
2011-09-16 00:08:14,140 [25] DEBUG JasminSoft.NHibernateUtils.SessionContext - Session closed.
2011-09-16 00:08:14,218 [24] DEBUG JasminSoft.NHibernateUtils.SessionContext - NHibernate session opened.
2011-09-16 00:08:14,218 [24] DEBUG JasminSoft.NHibernateUtils.SessionContext - Session flushed.
2011-09-16 00:08:14,218 [24] DEBUG JasminSoft.NHibernateUtils.SessionContext - Session closed.
2011-09-16 00:08:14,234 [24] DEBUG JasminSoft.NHibernateUtils.SessionContext - NHibernate session opened.
2011-09-16 00:08:14,250 [24] DEBUG JasminSoft.NHibernateUtils.SessionContext - Session flushed.
2011-09-16 00:08:14,250 [24] DEBUG JasminSoft.NHibernateUtils.SessionContext - Session closed.
2011-09-16 00:08:37,062 [17] DEBUG JasminSoft.NHibernateUtils.SessionContext - NHibernate session opened.
2011-09-16 00:08:37,062 [17] DEBUG JasminSoft.NHibernateUtils.SessionContext - Session flushed.
2011-09-16 00:08:37,062 [17] DEBUG JasminSoft.NHibernateUtils.SessionContext - Session closed.
2011-09-16 00:08:37,062 [17] DEBUG JasminSoft.NHibernateUtils.SessionContext - NHibernate session opened.
2011-09-16 00:08:37,062 [17] DEBUG JasminSoft.NHibernateUtils.SessionContext - Session flushed.
2011-09-16 00:08:37,062 [17] DEBUG JasminSoft.NHibernateUtils.SessionContext - Session closed.
2011-09-16 00:08:37,781 [24] DEBUG JasminSoft.NHibernateUtils.SessionContext - NHibernate session opened.
2011-09-16 00:08:37,781 [24] DEBUG JasminSoft.NHibernateUtils.SessionContext - Session flushed.
2011-09-16 00:08:37,781 [24] DEBUG JasminSoft.NHibernateUtils.SessionContext - Session closed.
2011-09-16 00:08:37,843 [17] DEBUG JasminSoft.NHibernateUtils.SessionContext - NHibernate session opened.
2011-09-16 00:08:37,859 [17] DEBUG JasminSoft.NHibernateUtils.SessionContext - Session flushed.
2011-09-16 00:08:37,859 [17] DEBUG JasminSoft.NHibernateUtils.SessionContext - Session closed.
2011-09-16 00:08:37,859 [17] DEBUG JasminSoft.NHibernateUtils.SessionContext - NHibernate session opened.
2011-09-16 00:08:37,859 [17] DEBUG JasminSoft.NHibernateUtils.SessionContext - Session flushed.
2011-09-16 00:08:37,859 [17] DEBUG JasminSoft.NHibernateUtils.SessionContext - Session closed.
2011-09-16 00:08:37,859 [17] DEBUG JasminSoft.NHibernateUtils.SessionContext - NHibernate session opened.
2011-09-16 00:08:37,890 [17] DEBUG JasminSoft.NHibernateUtils.SessionContext - Session flushed.
2011-09-16 00:08:37,890 [17] DEBUG JasminSoft.NHibernateUtils.SessionContext - Session closed.
2011-09-16 00:08:38,359 [25] DEBUG JasminSoft.NHibernateUtils.SessionContext - NHibernate session opened.
2011-09-16 00:08:38,375 [25] DEBUG JasminSoft.NHibernateUtils.SessionContext - Session flushed.
2011-09-16 00:08:38,375 [25] DEBUG JasminSoft.NHibernateUtils.SessionContext - Session closed.
2011-09-16 00:08:38,375 [4] DEBUG JasminSoft.NHibernateUtils.SessionContext - NHibernate session opened.
2011-09-16 00:08:38,390 [4] DEBUG JasminSoft.NHibernateUtils.SessionContext - Session flushed.
2011-09-16 00:08:38,390 [4] DEBUG JasminSoft.NHibernateUtils.SessionContext - Session closed.
2011-09-16 00:08:38,875 [24] DEBUG JasminSoft.NHibernateUtils.SessionContext - NHibernate session opened.
2011-09-16 00:08:38,875 [24] DEBUG JasminSoft.NHibernateUtils.SessionContext - Session flushed.
2011-09-16 00:08:38,875 [24] DEBUG JasminSoft.NHibernateUtils.SessionContext - Session closed.
2011-09-16 00:08:42,546 [23] DEBUG JasminSoft.NHibernateUtils.SessionContext - NHibernate session opened.
2011-09-16 00:08:42,546 [23] DEBUG JasminSoft.NHibernateUtils.SessionContext - Session flushed.
2011-09-16 00:08:42,546 [23] DEBUG JasminSoft.NHibernateUtils.SessionContext - Session closed.
2011-09-16 00:08:42,562 [22] DEBUG JasminSoft.NHibernateUtils.SessionContext - NHibernate session opened.
2011-09-16 00:08:42,562 [22] DEBUG JasminSoft.NHibernateUtils.SessionContext - Session flushed.
2011-09-16 00:08:42,562 [22] DEBUG JasminSoft.NHibernateUtils.SessionContext - Session closed.
2011-09-16 00:08:42,640 [5] DEBUG JasminSoft.NHibernateUtils.SessionContext - NHibernate session opened.
2011-09-16 00:08:42,640 [5] DEBUG JasminSoft.NHibernateUtils.SessionContext - Session flushed.
2011-09-16 00:08:42,640 [5] DEBUG JasminSoft.NHibernateUtils.SessionContext - Session closed.
2011-09-16 00:08:42,656 [17] DEBUG JasminSoft.NHibernateUtils.SessionContext - NHibernate session opened.
2011-09-16 00:08:42,671 [17] DEBUG JasminSoft.NHibernateUtils.SessionContext - Session flushed.
2011-09-16 00:08:42,671 [17] DEBUG JasminSoft.NHibernateUtils.SessionContext - Session closed.
2011-09-16 00:11:13,281 [17] DEBUG JasminSoft.NHibernateUtils.SessionContext - NHibernate session opened.
2011-09-16 00:11:13,312 [17] DEBUG JasminSoft.NHibernateUtils.SessionContext - Session flushed.
2011-09-16 00:11:13,312 [17] DEBUG JasminSoft.NHibernateUtils.SessionContext - Session closed.
2011-09-16 00:11:13,312 [17] DEBUG JasminSoft.NHibernateUtils.SessionContext - NHibernate session opened.
2011-09-16 00:11:13,312 [17] DEBUG JasminSoft.NHibernateUtils.SessionContext - Session flushed.
2011-09-16 00:11:13,312 [17] DEBUG JasminSoft.NHibernateUtils.SessionContext - Session closed.
2011-09-16 00:11:13,968 [21] DEBUG JasminSoft.NHibernateUtils.SessionContext - NHibernate session opened.
2011-09-16 00:11:13,968 [21] DEBUG JasminSoft.NHibernateUtils.SessionContext - Session flushed.
2011-09-16 00:11:13,968 [21] DEBUG JasminSoft.NHibernateUtils.SessionContext - Session closed.
2011-09-16 00:11:14,031 [4] DEBUG JasminSoft.NHibernateUtils.SessionContext - NHibernate session opened.
2011-09-16 00:11:14,031 [4] DEBUG JasminSoft.NHibernateUtils.SessionContext - Session flushed.
2011-09-16 00:11:14,046 [4] DEBUG JasminSoft.NHibernateUtils.SessionContext - Session closed.
2011-09-16 00:11:14,046 [4] DEBUG JasminSoft.NHibernateUtils.SessionContext - NHibernate session opened.
2011-09-16 00:11:14,046 [4] DEBUG JasminSoft.NHibernateUtils.SessionContext - Session flushed.
2011-09-16 00:11:14,046 [4] DEBUG JasminSoft.NHibernateUtils.SessionContext - Session closed.
2011-09-16 00:11:14,046 [4] DEBUG JasminSoft.NHibernateUtils.SessionContext - NHibernate session opened.
2011-09-16 00:11:14,093 [4] DEBUG JasminSoft.NHibernateUtils.SessionContext - Session flushed.
2011-09-16 00:11:14,093 [4] DEBUG JasminSoft.NHibernateUtils.SessionContext - Session closed.
2011-09-16 00:11:14,562 [21] DEBUG JasminSoft.NHibernateUtils.SessionContext - NHibernate session opened.
2011-09-16 00:11:14,562 [21] DEBUG JasminSoft.NHibernateUtils.SessionContext - Session flushed.
2011-09-16 00:11:14,562 [21] DEBUG JasminSoft.NHibernateUtils.SessionContext - Session closed.
2011-09-16 00:11:14,578 [21] DEBUG JasminSoft.NHibernateUtils.SessionContext - NHibernate session opened.
2011-09-16 00:11:14,578 [21] DEBUG JasminSoft.NHibernateUtils.SessionContext - Session flushed.
2011-09-16 00:11:14,578 [21] DEBUG JasminSoft.NHibernateUtils.SessionContext - Session closed.
2011-09-16 00:11:15,062 [17] DEBUG JasminSoft.NHibernateUtils.SessionContext - NHibernate session opened.
2011-09-16 00:11:15,078 [17] DEBUG JasminSoft.NHibernateUtils.SessionContext - Session flushed.
2011-09-16 00:11:15,078 [17] DEBUG JasminSoft.NHibernateUtils.SessionContext - Session closed.
2011-09-16 00:11:18,656 [17] DEBUG JasminSoft.NHibernateUtils.SessionContext - NHibernate session opened.
2011-09-16 00:11:18,671 [17] DEBUG JasminSoft.NHibernateUtils.SessionContext - Session flushed.
2011-09-16 00:11:18,671 [17] DEBUG JasminSoft.NHibernateUtils.SessionContext - Session closed.
2011-09-16 00:11:18,671 [20] DEBUG JasminSoft.NHibernateUtils.SessionContext - NHibernate session opened.
2011-09-16 00:11:18,687 [20] DEBUG JasminSoft.NHibernateUtils.SessionContext - Session flushed.
2011-09-16 00:11:18,687 [20] DEBUG JasminSoft.NHibernateUtils.SessionContext - Session closed.
2011-09-16 00:11:18,765 [21] DEBUG JasminSoft.NHibernateUtils.SessionContext - NHibernate session opened.
2011-09-16 00:11:18,765 [21] DEBUG JasminSoft.NHibernateUtils.SessionContext - Session flushed.
2011-09-16 00:11:18,765 [21] DEBUG JasminSoft.NHibernateUtils.SessionContext - Session closed.
2011-09-16 00:11:18,781 [21] DEBUG JasminSoft.NHibernateUtils.SessionContext - NHibernate session opened.
2011-09-16 00:11:18,812 [21] DEBUG JasminSoft.NHibernateUtils.SessionContext - Session flushed.
2011-09-16 00:11:18,812 [21] DEBUG JasminSoft.NHibernateUtils.SessionContext - Session closed.
2011-09-16 00:12:38,250 [4] DEBUG JasminSoft.NHibernateUtils.SessionContext - NHibernate session opened.
2011-09-16 00:12:38,281 [4] DEBUG JasminSoft.NHibernateUtils.SessionContext - Session flushed.
2011-09-16 00:12:38,281 [4] DEBUG JasminSoft.NHibernateUtils.SessionContext - Session closed.
2011-09-16 00:12:38,281 [4] DEBUG JasminSoft.NHibernateUtils.SessionContext - NHibernate session opened.
2011-09-16 00:12:38,281 [4] DEBUG JasminSoft.NHibernateUtils.SessionContext - Session flushed.
2011-09-16 00:12:38,281 [4] DEBUG JasminSoft.NHibernateUtils.SessionContext - Session closed.
2011-09-16 00:12:38,953 [5] DEBUG JasminSoft.NHibernateUtils.SessionContext - NHibernate session opened.
2011-09-16 00:12:38,968 [5] DEBUG JasminSoft.NHibernateUtils.SessionContext - Session flushed.
2011-09-16 00:12:38,968 [5] DEBUG JasminSoft.NHibernateUtils.SessionContext - Session closed.
2011-09-16 00:12:39,015 [4] DEBUG JasminSoft.NHibernateUtils.SessionContext - NHibernate session opened.
2011-09-16 00:12:39,031 [4] DEBUG JasminSoft.NHibernateUtils.SessionContext - Session flushed.
2011-09-16 00:12:39,031 [4] DEBUG JasminSoft.NHibernateUtils.SessionContext - Session closed.
2011-09-16 00:12:39,031 [4] DEBUG JasminSoft.NHibernateUtils.SessionContext - NHibernate session opened.
2011-09-16 00:12:39,031 [4] DEBUG JasminSoft.NHibernateUtils.SessionContext - Session flushed.
2011-09-16 00:12:39,031 [4] DEBUG JasminSoft.NHibernateUtils.SessionContext - Session closed.
2011-09-16 00:12:39,031 [4] DEBUG JasminSoft.NHibernateUtils.SessionContext - NHibernate session opened.
2011-09-16 00:12:39,078 [4] DEBUG JasminSoft.NHibernateUtils.SessionContext - Session flushed.
2011-09-16 00:12:39,078 [4] DEBUG JasminSoft.NHibernateUtils.SessionContext - Session closed.
2011-09-16 00:12:39,546 [21] DEBUG JasminSoft.NHibernateUtils.SessionContext - NHibernate session opened.
2011-09-16 00:12:39,562 [21] DEBUG JasminSoft.NHibernateUtils.SessionContext - Session flushed.
2011-09-16 00:12:39,562 [21] DEBUG JasminSoft.NHibernateUtils.SessionContext - Session closed.
2011-09-16 00:12:39,578 [4] DEBUG JasminSoft.NHibernateUtils.SessionContext - NHibernate session opened.
2011-09-16 00:12:39,578 [4] DEBUG JasminSoft.NHibernateUtils.SessionContext - Session flushed.
2011-09-16 00:12:39,578 [4] DEBUG JasminSoft.NHibernateUtils.SessionContext - Session closed.
2011-09-16 00:12:40,046 [4] DEBUG JasminSoft.NHibernateUtils.SessionContext - NHibernate session opened.
2011-09-16 00:12:40,046 [4] DEBUG JasminSoft.NHibernateUtils.SessionContext - Session flushed.
2011-09-16 00:12:40,046 [4] DEBUG JasminSoft.NHibernateUtils.SessionContext - Session closed.
2011-09-16 00:12:43,937 [21] DEBUG JasminSoft.NHibernateUtils.SessionContext - NHibernate session opened.
2011-09-16 00:12:43,937 [21] DEBUG JasminSoft.NHibernateUtils.SessionContext - Session flushed.
2011-09-16 00:12:43,937 [21] DEBUG JasminSoft.NHibernateUtils.SessionContext - Session closed.
2011-09-16 00:12:43,937 [5] DEBUG JasminSoft.NHibernateUtils.SessionContext - NHibernate session opened.
2011-09-16 00:12:43,953 [5] DEBUG JasminSoft.NHibernateUtils.SessionContext - Session flushed.
2011-09-16 00:12:43,953 [5] DEBUG JasminSoft.NHibernateUtils.SessionContext - Session closed.
2011-09-16 00:12:44,015 [4] DEBUG JasminSoft.NHibernateUtils.SessionContext - NHibernate session opened.
2011-09-16 00:12:44,031 [4] DEBUG JasminSoft.NHibernateUtils.SessionContext - Session flushed.
2011-09-16 00:12:44,031 [4] DEBUG JasminSoft.NHibernateUtils.SessionContext - Session closed.
2011-09-16 00:12:44,031 [4] DEBUG JasminSoft.NHibernateUtils.SessionContext - NHibernate session opened.
2011-09-16 00:12:44,062 [4] DEBUG JasminSoft.NHibernateUtils.SessionContext - Session flushed.
2011-09-16 00:12:44,062 [4] DEBUG JasminSoft.NHibernateUtils.SessionContext - Session closed.
2011-09-16 00:12:57,125 [4] DEBUG JasminSoft.NHibernateUtils.SessionContext - NHibernate session opened.
2011-09-16 00:12:57,531 [4] DEBUG JasminSoft.NHibernateUtils.SessionContext - Session flushed.
2011-09-16 00:12:57,531 [4] DEBUG JasminSoft.NHibernateUtils.SessionContext - Session closed.
2011-09-16 00:12:57,562 [5] DEBUG JasminSoft.NHibernateUtils.SessionContext - NHibernate session opened.
2011-09-16 00:12:57,578 [5] DEBUG JasminSoft.NHibernateUtils.SessionContext - Session flushed.
2011-09-16 00:12:57,578 [5] DEBUG JasminSoft.NHibernateUtils.SessionContext - Session closed.
2011-09-16 00:13:10,015 [5] DEBUG JasminSoft.NHibernateUtils.SessionContext - NHibernate session opened.
2011-09-16 00:13:10,203 [5] DEBUG JasminSoft.NHibernateUtils.SessionContext - Session flushed.
2011-09-16 00:13:10,203 [5] DEBUG JasminSoft.NHibernateUtils.SessionContext - Session closed.
2011-09-16 00:13:10,234 [21] DEBUG JasminSoft.NHibernateUtils.SessionContext - NHibernate session opened.
2011-09-16 00:13:10,281 [21] DEBUG JasminSoft.NHibernateUtils.SessionContext - Session flushed.
2011-09-16 00:13:10,281 [21] DEBUG JasminSoft.NHibernateUtils.SessionContext - Session closed.
2011-09-16 00:13:24,343 [21] DEBUG JasminSoft.NHibernateUtils.SessionContext - NHibernate session opened.
2011-09-16 00:13:24,343 [21] DEBUG JasminSoft.NHibernateUtils.SessionContext - Session flushed.
2011-09-16 00:13:24,343 [21] DEBUG JasminSoft.NHibernateUtils.SessionContext - Session closed.
2011-09-16 00:13:24,359 [21] DEBUG JasminSoft.NHibernateUtils.SessionContext - NHibernate session opened.
2011-09-16 00:13:24,359 [21] DEBUG JasminSoft.NHibernateUtils.SessionContext - Session flushed.
2011-09-16 00:13:24,359 [21] DEBUG JasminSoft.NHibernateUtils.SessionContext - Session closed.
2011-09-16 00:13:24,453 [21] DEBUG JasminSoft.NHibernateUtils.SessionContext - NHibernate session opened.
2011-09-16 00:13:24,453 [21] DEBUG JasminSoft.NHibernateUtils.SessionContext - Session flushed.
2011-09-16 00:13:24,453 [21] DEBUG JasminSoft.NHibernateUtils.SessionContext - Session closed.
2011-09-16 00:13:31,828 [21] DEBUG JasminSoft.NHibernateUtils.SessionContext - NHibernate session opened.
2011-09-16 00:13:31,843 [21] DEBUG JasminSoft.NHibernateUtils.SessionContext - Session flushed.
2011-09-16 00:13:31,843 [21] DEBUG JasminSoft.NHibernateUtils.SessionContext - Session closed.
2011-09-16 00:13:31,843 [21] DEBUG JasminSoft.NHibernateUtils.SessionContext - NHibernate session opened.
2011-09-16 00:13:31,859 [21] DEBUG JasminSoft.NHibernateUtils.SessionContext - Session flushed.
2011-09-16 00:13:31,859 [21] DEBUG JasminSoft.NHibernateUtils.SessionContext - Session closed.
2011-09-16 00:13:31,859 [21] DEBUG JasminSoft.NHibernateUtils.SessionContext - NHibernate session opened.
2011-09-16 00:13:31,890 [21] DEBUG JasminSoft.NHibernateUtils.SessionContext - Session flushed.
2011-09-16 00:13:31,890 [21] DEBUG JasminSoft.NHibernateUtils.SessionContext - Session closed.
2011-09-16 00:13:34,312 [21] DEBUG JasminSoft.NHibernateUtils.SessionContext - NHibernate session opened.
2011-09-16 00:13:34,328 [21] DEBUG JasminSoft.NHibernateUtils.SessionContext - Session flushed.
2011-09-16 00:13:34,328 [21] DEBUG JasminSoft.NHibernateUtils.SessionContext - Session closed.
2011-09-16 00:13:34,328 [21] DEBUG JasminSoft.NHibernateUtils.SessionContext - NHibernate session opened.
2011-09-16 00:13:34,328 [21] DEBUG JasminSoft.NHibernateUtils.SessionContext - Session flushed.
2011-09-16 00:13:34,328 [21] DEBUG JasminSoft.NHibernateUtils.SessionContext - Session closed.
2011-09-16 00:13:34,328 [21] DEBUG JasminSoft.NHibernateUtils.SessionContext - NHibernate session opened.
2011-09-16 00:13:34,359 [21] DEBUG JasminSoft.NHibernateUtils.SessionContext - Session flushed.
2011-09-16 00:13:34,359 [21] DEBUG JasminSoft.NHibernateUtils.SessionContext - Session closed.
2011-09-16 00:13:47,796 [5] DEBUG JasminSoft.NHibernateUtils.SessionContext - NHibernate session opened.
2011-09-16 00:13:47,812 [5] DEBUG JasminSoft.NHibernateUtils.SessionContext - Session flushed.
2011-09-16 00:13:47,812 [5] DEBUG JasminSoft.NHibernateUtils.SessionContext - Session closed.
2011-09-16 00:13:47,812 [5] DEBUG JasminSoft.NHibernateUtils.SessionContext - NHibernate session opened.
2011-09-16 00:13:47,812 [5] DEBUG JasminSoft.NHibernateUtils.SessionContext - Session flushed.
2011-09-16 00:13:47,812 [5] DEBUG JasminSoft.NHibernateUtils.SessionContext - Session closed.
2011-09-16 00:13:47,812 [5] DEBUG JasminSoft.NHibernateUtils.SessionContext - NHibernate session opened.
2011-09-16 00:13:47,843 [5] DEBUG JasminSoft.NHibernateUtils.SessionContext - Session flushed.
2011-09-16 00:13:47,843 [5] DEBUG JasminSoft.NHibernateUtils.SessionContext - Session closed.
2011-09-16 00:13:50,265 [17] DEBUG JasminSoft.NHibernateUtils.SessionContext - NHibernate session opened.
2011-09-16 00:13:50,265 [17] DEBUG JasminSoft.NHibernateUtils.SessionContext - Session flushed.
2011-09-16 00:13:50,265 [17] DEBUG JasminSoft.NHibernateUtils.SessionContext - Session closed.
2011-09-16 00:13:50,281 [17] DEBUG JasminSoft.NHibernateUtils.SessionContext - NHibernate session opened.
2011-09-16 00:13:50,281 [17] DEBUG JasminSoft.NHibernateUtils.SessionContext - Session flushed.
2011-09-16 00:13:50,281 [17] DEBUG JasminSoft.NHibernateUtils.SessionContext - Session closed.
2011-09-16 00:13:50,281 [17] DEBUG JasminSoft.NHibernateUtils.SessionContext - NHibernate session opened.
2011-09-16 00:13:50,296 [17] DEBUG JasminSoft.NHibernateUtils.SessionContext - Session flushed.
2011-09-16 00:13:50,296 [17] DEBUG JasminSoft.NHibernateUtils.SessionContext - Session closed.
2011-09-16 00:13:54,031 [5] DEBUG JasminSoft.NHibernateUtils.SessionContext - NHibernate session opened.
2011-09-16 00:13:54,031 [5] DEBUG JasminSoft.NHibernateUtils.SessionContext - Session flushed.
2011-09-16 00:13:54,031 [5] DEBUG JasminSoft.NHibernateUtils.SessionContext - Session closed.
2011-09-16 00:13:54,031 [5] DEBUG JasminSoft.NHibernateUtils.SessionContext - NHibernate session opened.
2011-09-16 00:13:54,046 [5] DEBUG JasminSoft.NHibernateUtils.SessionContext - Session flushed.
2011-09-16 00:13:54,046 [5] DEBUG JasminSoft.NHibernateUtils.SessionContext - Session closed.
2011-09-16 00:13:54,046 [5] DEBUG JasminSoft.NHibernateUtils.SessionContext - NHibernate session opened.
2011-09-16 00:13:54,062 [5] DEBUG JasminSoft.NHibernateUtils.SessionContext - Session flushed.
2011-09-16 00:13:54,062 [5] DEBUG JasminSoft.NHibernateUtils.SessionContext - Session closed.
2011-09-16 08:47:51,906 [4] DEBUG JasminSoft.NHibernateUtils.SessionContext - NHibernate session factory built.
2011-09-16 08:47:52,000 [4] DEBUG JasminSoft.NHibernateUtils.SessionContext - NHibernate session opened.
2011-09-16 08:47:52,843 [4] DEBUG JasminSoft.NHibernateUtils.SessionContext - Session flushed.
2011-09-16 08:47:52,843 [4] DEBUG JasminSoft.NHibernateUtils.SessionContext - Session closed.
2011-09-16 08:47:54,765 [9] DEBUG JasminSoft.NHibernateUtils.SessionContext - NHibernate session opened.
2011-09-16 08:47:54,765 [9] DEBUG JasminSoft.NHibernateUtils.SessionContext - Session flushed.
2011-09-16 08:47:54,765 [9] DEBUG JasminSoft.NHibernateUtils.SessionContext - Session closed.
2011-09-16 08:47:55,468 [4] DEBUG JasminSoft.NHibernateUtils.SessionContext - NHibernate session opened.
2011-09-16 08:47:55,468 [4] DEBUG JasminSoft.NHibernateUtils.SessionContext - Session flushed.
2011-09-16 08:47:55,468 [4] DEBUG JasminSoft.NHibernateUtils.SessionContext - Session closed.
2011-09-16 08:47:55,500 [8] DEBUG JasminSoft.NHibernateUtils.SessionContext - NHibernate session opened.
2011-09-16 08:47:55,500 [8] DEBUG JasminSoft.NHibernateUtils.SessionContext - Session flushed.
2011-09-16 08:47:55,500 [8] DEBUG JasminSoft.NHibernateUtils.SessionContext - Session closed.
2011-09-16 08:47:55,500 [8] DEBUG JasminSoft.NHibernateUtils.SessionContext - NHibernate session opened.
2011-09-16 08:47:55,640 [8] DEBUG JasminSoft.NHibernateUtils.SessionContext - Session flushed.
2011-09-16 08:47:55,640 [8] DEBUG JasminSoft.NHibernateUtils.SessionContext - Session closed.
2011-09-16 08:47:56,078 [8] DEBUG JasminSoft.NHibernateUtils.SessionContext - NHibernate session opened.
2011-09-16 08:47:56,093 [8] DEBUG JasminSoft.NHibernateUtils.SessionContext - Session flushed.
2011-09-16 08:47:56,093 [8] DEBUG JasminSoft.NHibernateUtils.SessionContext - Session closed.
2011-09-16 08:47:56,562 [4] DEBUG JasminSoft.NHibernateUtils.SessionContext - NHibernate session opened.
2011-09-16 08:47:56,578 [4] DEBUG JasminSoft.NHibernateUtils.SessionContext - Session flushed.
2011-09-16 08:47:56,578 [4] DEBUG JasminSoft.NHibernateUtils.SessionContext - Session closed.
2011-09-16 08:47:57,062 [8] DEBUG JasminSoft.NHibernateUtils.SessionContext - NHibernate session opened.
2011-09-16 08:47:57,078 [8] DEBUG JasminSoft.NHibernateUtils.SessionContext - Session flushed.
2011-09-16 08:47:57,078 [8] DEBUG JasminSoft.NHibernateUtils.SessionContext - Session closed.
2011-09-16 08:48:14,359 [4] DEBUG JasminSoft.NHibernateUtils.SessionContext - NHibernate session opened.
2011-09-16 08:48:14,359 [4] DEBUG JasminSoft.NHibernateUtils.SessionContext - Session flushed.
2011-09-16 08:48:14,359 [4] DEBUG JasminSoft.NHibernateUtils.SessionContext - Session closed.
2011-09-16 08:48:14,375 [4] DEBUG JasminSoft.NHibernateUtils.SessionContext - NHibernate session opened.
2011-09-16 08:48:14,406 [4] DEBUG JasminSoft.NHibernateUtils.SessionContext - Session flushed.
2011-09-16 08:48:14,406 [4] DEBUG JasminSoft.NHibernateUtils.SessionContext - Session closed.
2011-09-16 08:48:30,281 [4] DEBUG JasminSoft.NHibernateUtils.SessionContext - NHibernate session opened.
2011-09-16 08:48:30,312 [4] DEBUG JasminSoft.NHibernateUtils.SessionContext - Session flushed.
2011-09-16 08:48:30,312 [4] DEBUG JasminSoft.NHibernateUtils.SessionContext - Session closed.
2011-09-16 08:48:32,578 [10] DEBUG JasminSoft.NHibernateUtils.SessionContext - NHibernate session opened.
2011-09-16 08:48:32,578 [10] DEBUG JasminSoft.NHibernateUtils.SessionContext - Session flushed.
2011-09-16 08:48:32,578 [10] DEBUG JasminSoft.NHibernateUtils.SessionContext - Session closed.
2011-09-16 08:48:33,234 [4] DEBUG JasminSoft.NHibernateUtils.SessionContext - NHibernate session opened.
2011-09-16 08:48:33,234 [4] DEBUG JasminSoft.NHibernateUtils.SessionContext - Session flushed.
2011-09-16 08:48:33,234 [4] DEBUG JasminSoft.NHibernateUtils.SessionContext - Session closed.
2011-09-16 08:48:33,375 [10] DEBUG JasminSoft.NHibernateUtils.SessionContext - NHibernate session opened.
2011-09-16 08:48:33,375 [10] DEBUG JasminSoft.NHibernateUtils.SessionContext - Session flushed.
2011-09-16 08:48:33,375 [10] DEBUG JasminSoft.NHibernateUtils.SessionContext - Session closed.
2011-09-16 08:48:33,375 [10] DEBUG JasminSoft.NHibernateUtils.SessionContext - NHibernate session opened.
2011-09-16 08:48:33,437 [10] DEBUG JasminSoft.NHibernateUtils.SessionContext - Session flushed.
2011-09-16 08:48:33,437 [10] DEBUG JasminSoft.NHibernateUtils.SessionContext - Session closed.
2011-09-16 08:48:33,765 [9] DEBUG JasminSoft.NHibernateUtils.SessionContext - NHibernate session opened.
2011-09-16 08:48:33,765 [9] DEBUG JasminSoft.NHibernateUtils.SessionContext - Session flushed.
2011-09-16 08:48:33,765 [9] DEBUG JasminSoft.NHibernateUtils.SessionContext - Session closed.
2011-09-16 08:48:33,781 [8] DEBUG JasminSoft.NHibernateUtils.SessionContext - NHibernate session opened.
2011-09-16 08:48:33,781 [8] DEBUG JasminSoft.NHibernateUtils.SessionContext - Session flushed.
2011-09-16 08:48:33,781 [8] DEBUG JasminSoft.NHibernateUtils.SessionContext - Session closed.
2011-09-16 08:48:34,265 [11] DEBUG JasminSoft.NHibernateUtils.SessionContext - NHibernate session opened.
2011-09-16 08:48:34,281 [11] DEBUG JasminSoft.NHibernateUtils.SessionContext - Session flushed.
2011-09-16 08:48:34,281 [11] DEBUG JasminSoft.NHibernateUtils.SessionContext - Session closed.
2011-09-16 08:48:37,687 [11] DEBUG JasminSoft.NHibernateUtils.SessionContext - NHibernate session opened.
2011-09-16 08:48:37,687 [11] DEBUG JasminSoft.NHibernateUtils.SessionContext - Session flushed.
2011-09-16 08:48:37,687 [11] DEBUG JasminSoft.NHibernateUtils.SessionContext - Session closed.
2011-09-16 08:48:37,687 [11] DEBUG JasminSoft.NHibernateUtils.SessionContext - NHibernate session opened.
2011-09-16 08:48:37,703 [11] DEBUG JasminSoft.NHibernateUtils.SessionContext - Session flushed.
2011-09-16 08:48:37,703 [11] DEBUG JasminSoft.NHibernateUtils.SessionContext - Session closed.
2011-09-16 08:48:41,140 [9] DEBUG JasminSoft.NHibernateUtils.SessionContext - NHibernate session opened.
2011-09-16 08:48:41,156 [9] DEBUG JasminSoft.NHibernateUtils.SessionContext - Session flushed.
2011-09-16 08:48:41,156 [9] DEBUG JasminSoft.NHibernateUtils.SessionContext - Session closed.
2011-09-16 08:48:41,218 [4] DEBUG JasminSoft.NHibernateUtils.SessionContext - NHibernate session opened.
2011-09-16 08:48:41,234 [4] DEBUG JasminSoft.NHibernateUtils.SessionContext - Session flushed.
2011-09-16 08:48:41,234 [4] DEBUG JasminSoft.NHibernateUtils.SessionContext - Session closed.
2011-09-16 08:48:41,562 [11] DEBUG JasminSoft.NHibernateUtils.SessionContext - NHibernate session opened.
2011-09-16 08:48:41,562 [11] DEBUG JasminSoft.NHibernateUtils.SessionContext - Session flushed.
2011-09-16 08:48:41,562 [11] DEBUG JasminSoft.NHibernateUtils.SessionContext - Session closed.
2011-09-16 08:48:49,890 [8] DEBUG JasminSoft.NHibernateUtils.SessionContext - NHibernate session opened.
2011-09-16 08:48:49,906 [8] DEBUG JasminSoft.NHibernateUtils.SessionContext - Session flushed.
2011-09-16 08:48:49,906 [8] DEBUG JasminSoft.NHibernateUtils.SessionContext - Session closed.
2011-09-16 08:48:49,906 [8] DEBUG JasminSoft.NHibernateUtils.SessionContext - NHibernate session opened.
2011-09-16 08:48:50,000 [8] DEBUG JasminSoft.NHibernateUtils.SessionContext - Session flushed.
2011-09-16 08:48:50,000 [8] DEBUG JasminSoft.NHibernateUtils.SessionContext - Session closed.
2011-09-16 08:48:50,000 [8] DEBUG JasminSoft.NHibernateUtils.SessionContext - NHibernate session opened.
2011-09-16 08:48:50,046 [8] DEBUG JasminSoft.NHibernateUtils.SessionContext - Session flushed.
2011-09-16 08:48:50,046 [8] DEBUG JasminSoft.NHibernateUtils.SessionContext - Session closed.
2011-09-16 08:48:51,578 [8] DEBUG JasminSoft.NHibernateUtils.SessionContext - NHibernate session opened.
2011-09-16 08:48:51,578 [8] DEBUG JasminSoft.NHibernateUtils.SessionContext - Session flushed.
2011-09-16 08:48:51,578 [8] DEBUG JasminSoft.NHibernateUtils.SessionContext - Session closed.
2011-09-16 08:48:52,000 [8] DEBUG JasminSoft.NHibernateUtils.SessionContext - NHibernate session opened.
2011-09-16 08:48:52,015 [8] DEBUG JasminSoft.NHibernateUtils.SessionContext - Session flushed.
2011-09-16 08:48:52,015 [8] DEBUG JasminSoft.NHibernateUtils.SessionContext - Session closed.
2011-09-16 08:48:52,500 [8] DEBUG JasminSoft.NHibernateUtils.SessionContext - NHibernate session opened.
2011-09-16 08:48:52,515 [8] DEBUG JasminSoft.NHibernateUtils.SessionContext - Session flushed.
2011-09-16 08:48:52,515 [8] DEBUG JasminSoft.NHibernateUtils.SessionContext - Session closed.
2011-09-16 08:48:57,046 [8] DEBUG JasminSoft.NHibernateUtils.SessionContext - NHibernate session opened.
2011-09-16 08:48:57,046 [8] DEBUG JasminSoft.NHibernateUtils.SessionContext - Session flushed.
2011-09-16 08:48:57,062 [8] DEBUG JasminSoft.NHibernateUtils.SessionContext - Session closed.
2011-09-16 08:48:57,203 [8] DEBUG JasminSoft.NHibernateUtils.SessionContext - NHibernate session opened.
2011-09-16 08:48:57,218 [8] DEBUG JasminSoft.NHibernateUtils.SessionContext - Session flushed.
2011-09-16 08:48:57,218 [8] DEBUG JasminSoft.NHibernateUtils.SessionContext - Session closed.
2011-09-16 08:49:01,718 [11] DEBUG JasminSoft.NHibernateUtils.SessionContext - NHibernate session opened.
2011-09-16 08:49:01,718 [11] DEBUG JasminSoft.NHibernateUtils.SessionContext - Session flushed.
2011-09-16 08:49:01,718 [11] DEBUG JasminSoft.NHibernateUtils.SessionContext - Session closed.
2011-09-16 08:49:01,750 [4] DEBUG JasminSoft.NHibernateUtils.SessionContext - NHibernate session opened.
2011-09-16 08:49:01,765 [4] DEBUG JasminSoft.NHibernateUtils.SessionContext - Session flushed.
2011-09-16 08:49:01,765 [4] DEBUG JasminSoft.NHibernateUtils.SessionContext - Session closed.
2011-09-16 08:49:02,203 [11] DEBUG JasminSoft.NHibernateUtils.SessionContext - NHibernate session opened.
2011-09-16 08:49:02,218 [11] DEBUG JasminSoft.NHibernateUtils.SessionContext - Session flushed.
2011-09-16 08:49:02,218 [11] DEBUG JasminSoft.NHibernateUtils.SessionContext - Session closed.
2011-09-16 08:49:02,265 [4] DEBUG JasminSoft.NHibernateUtils.SessionContext - NHibernate session opened.
2011-09-16 08:49:02,281 [4] DEBUG JasminSoft.NHibernateUtils.SessionContext - Session flushed.
2011-09-16 08:49:02,281 [4] DEBUG JasminSoft.NHibernateUtils.SessionContext - Session closed.
2011-09-16 08:49:04,609 [4] DEBUG JasminSoft.NHibernateUtils.SessionContext - NHibernate session opened.
2011-09-16 08:49:04,609 [4] DEBUG JasminSoft.NHibernateUtils.SessionContext - Session flushed.
2011-09-16 08:49:04,609 [4] DEBUG JasminSoft.NHibernateUtils.SessionContext - Session closed.
2011-09-16 08:49:04,671 [11] DEBUG JasminSoft.NHibernateUtils.SessionContext - NHibernate session opened.
2011-09-16 08:49:04,687 [11] DEBUG JasminSoft.NHibernateUtils.SessionContext - Session flushed.
2011-09-16 08:49:04,687 [11] DEBUG JasminSoft.NHibernateUtils.SessionContext - Session closed.
2011-09-16 08:49:05,468 [4] DEBUG JasminSoft.NHibernateUtils.SessionContext - NHibernate session opened.
2011-09-16 08:49:05,468 [4] DEBUG JasminSoft.NHibernateUtils.SessionContext - Session flushed.
2011-09-16 08:49:05,484 [4] DEBUG JasminSoft.NHibernateUtils.SessionContext - Session closed.
2011-09-16 08:49:05,515 [8] DEBUG JasminSoft.NHibernateUtils.SessionContext - NHibernate session opened.
2011-09-16 08:49:05,515 [8] DEBUG JasminSoft.NHibernateUtils.SessionContext - Session flushed.
2011-09-16 08:49:05,515 [8] DEBUG JasminSoft.NHibernateUtils.SessionContext - Session closed.
2011-09-16 08:49:05,953 [4] DEBUG JasminSoft.NHibernateUtils.SessionContext - NHibernate session opened.
2011-09-16 08:49:05,953 [4] DEBUG JasminSoft.NHibernateUtils.SessionContext - Session flushed.
2011-09-16 08:49:05,953 [4] DEBUG JasminSoft.NHibernateUtils.SessionContext - Session closed.
2011-09-16 08:49:06,015 [9] DEBUG JasminSoft.NHibernateUtils.SessionContext - NHibernate session opened.
2011-09-16 08:49:06,031 [9] DEBUG JasminSoft.NHibernateUtils.SessionContext - Session flushed.
2011-09-16 08:49:06,031 [9] DEBUG JasminSoft.NHibernateUtils.SessionContext - Session closed.
2011-09-16 08:49:29,375 [4] DEBUG JasminSoft.NHibernateUtils.SessionContext - NHibernate session opened.
2011-09-16 08:49:29,468 [4] DEBUG JasminSoft.NHibernateUtils.SessionContext - Session flushed.
2011-09-16 08:49:29,468 [4] DEBUG JasminSoft.NHibernateUtils.SessionContext - Session closed.
2011-09-16 08:49:29,484 [8] DEBUG JasminSoft.NHibernateUtils.SessionContext - NHibernate session opened.
2011-09-16 08:49:29,500 [8] DEBUG JasminSoft.NHibernateUtils.SessionContext - Session flushed.
2011-09-16 08:49:29,500 [8] DEBUG JasminSoft.NHibernateUtils.SessionContext - Session closed.
2011-09-16 08:55:44,125 [4] DEBUG JasminSoft.NHibernateUtils.SessionContext - NHibernate session opened.
2011-09-16 08:55:44,484 [4] DEBUG JasminSoft.NHibernateUtils.SessionContext - Session flushed.
2011-09-16 08:55:44,484 [4] DEBUG JasminSoft.NHibernateUtils.SessionContext - Session closed.
2011-09-16 08:55:45,796 [8] DEBUG JasminSoft.NHibernateUtils.SessionContext - NHibernate session opened.
2011-09-16 08:55:45,812 [8] DEBUG JasminSoft.NHibernateUtils.SessionContext - Session flushed.
2011-09-16 08:55:45,812 [8] DEBUG JasminSoft.NHibernateUtils.SessionContext - Session closed.
2011-09-16 08:55:46,812 [11] DEBUG JasminSoft.NHibernateUtils.SessionContext - NHibernate session opened.
2011-09-16 08:55:46,812 [11] DEBUG JasminSoft.NHibernateUtils.SessionContext - Session flushed.
2011-09-16 08:55:46,812 [11] DEBUG JasminSoft.NHibernateUtils.SessionContext - Session closed.
2011-09-16 08:55:47,687 [4] DEBUG JasminSoft.NHibernateUtils.SessionContext - NHibernate session opened.
2011-09-16 08:55:47,718 [4] DEBUG JasminSoft.NHibernateUtils.SessionContext - Session flushed.
2011-09-16 08:55:47,718 [4] DEBUG JasminSoft.NHibernateUtils.SessionContext - Session closed.
2011-09-16 08:55:48,390 [9] DEBUG JasminSoft.NHibernateUtils.SessionContext - NHibernate session opened.
2011-09-16 08:55:48,406 [9] DEBUG JasminSoft.NHibernateUtils.SessionContext - Session flushed.
2011-09-16 08:55:48,406 [9] DEBUG JasminSoft.NHibernateUtils.SessionContext - Session closed.
2011-09-16 08:55:50,437 [9] DEBUG JasminSoft.NHibernateUtils.SessionContext - NHibernate session opened.
2011-09-16 08:55:50,437 [9] DEBUG JasminSoft.NHibernateUtils.SessionContext - Session flushed.
2011-09-16 08:55:50,437 [9] DEBUG JasminSoft.NHibernateUtils.SessionContext - Session closed.
2011-09-16 08:55:50,468 [11] DEBUG JasminSoft.NHibernateUtils.SessionContext - NHibernate session opened.
2011-09-16 08:55:50,484 [11] DEBUG JasminSoft.NHibernateUtils.SessionContext - Session flushed.
2011-09-16 08:55:50,484 [11] DEBUG JasminSoft.NHibernateUtils.SessionContext - Session closed.
2011-09-16 08:55:50,921 [4] DEBUG JasminSoft.NHibernateUtils.SessionContext - NHibernate session opened.
2011-09-16 08:55:50,921 [4] DEBUG JasminSoft.NHibernateUtils.SessionContext - Session flushed.
2011-09-16 08:55:50,921 [4] DEBUG JasminSoft.NHibernateUtils.SessionContext - Session closed.
2011-09-16 08:55:56,046 [8] DEBUG JasminSoft.NHibernateUtils.SessionContext - NHibernate session opened.
2011-09-16 08:55:56,046 [8] DEBUG JasminSoft.NHibernateUtils.SessionContext - Session flushed.
2011-09-16 08:55:56,046 [8] DEBUG JasminSoft.NHibernateUtils.SessionContext - Session closed.
2011-09-16 08:56:15,375 [11] DEBUG JasminSoft.NHibernateUtils.SessionContext - NHibernate session opened.
2011-09-16 08:56:15,375 [11] DEBUG JasminSoft.NHibernateUtils.SessionContext - Session flushed.
2011-09-16 08:56:15,375 [11] DEBUG JasminSoft.NHibernateUtils.SessionContext - Session closed.
2011-09-16 08:56:15,375 [11] DEBUG JasminSoft.NHibernateUtils.SessionContext - NHibernate session opened.
2011-09-16 08:56:15,390 [11] DEBUG JasminSoft.NHibernateUtils.SessionContext - Session flushed.
2011-09-16 08:56:15,390 [11] DEBUG JasminSoft.NHibernateUtils.SessionContext - Session closed.
2011-09-16 08:56:15,390 [11] DEBUG JasminSoft.NHibernateUtils.SessionContext - NHibernate session opened.
2011-09-16 08:56:15,421 [11] DEBUG JasminSoft.NHibernateUtils.SessionContext - Session flushed.
2011-09-16 08:56:15,421 [11] DEBUG JasminSoft.NHibernateUtils.SessionContext - Session closed.
2011-09-16 08:56:17,281 [4] DEBUG JasminSoft.NHibernateUtils.SessionContext - NHibernate session opened.
2011-09-16 08:56:17,281 [4] DEBUG JasminSoft.NHibernateUtils.SessionContext - Session flushed.
2011-09-16 08:56:17,281 [4] DEBUG JasminSoft.NHibernateUtils.SessionContext - Session closed.
2011-09-16 08:56:17,281 [4] DEBUG JasminSoft.NHibernateUtils.SessionContext - NHibernate session opened.
2011-09-16 08:56:17,296 [4] DEBUG JasminSoft.NHibernateUtils.SessionContext - Session flushed.
2011-09-16 08:56:17,296 [4] DEBUG JasminSoft.NHibernateUtils.SessionContext - Session closed.
2011-09-16 08:56:17,296 [4] DEBUG JasminSoft.NHibernateUtils.SessionContext - NHibernate session opened.
2011-09-16 08:56:17,390 [4] DEBUG JasminSoft.NHibernateUtils.SessionContext - Session flushed.
2011-09-16 08:56:17,390 [4] DEBUG JasminSoft.NHibernateUtils.SessionContext - Session closed.
2011-09-16 08:56:18,390 [8] DEBUG JasminSoft.NHibernateUtils.SessionContext - NHibernate session opened.
2011-09-16 08:56:18,390 [8] DEBUG JasminSoft.NHibernateUtils.SessionContext - Session flushed.
2011-09-16 08:56:18,406 [8] DEBUG JasminSoft.NHibernateUtils.SessionContext - Session closed.
2011-09-16 08:56:18,406 [8] DEBUG JasminSoft.NHibernateUtils.SessionContext - NHibernate session opened.
2011-09-16 08:56:18,406 [8] DEBUG JasminSoft.NHibernateUtils.SessionContext - Session flushed.
2011-09-16 08:56:18,406 [8] DEBUG JasminSoft.NHibernateUtils.SessionContext - Session closed.
2011-09-16 08:56:18,406 [8] DEBUG JasminSoft.NHibernateUtils.SessionContext - NHibernate session opened.
2011-09-16 08:56:18,437 [8] DEBUG JasminSoft.NHibernateUtils.SessionContext - Session flushed.
2011-09-16 08:56:18,437 [8] DEBUG JasminSoft.NHibernateUtils.SessionContext - Session closed.
2011-09-16 08:56:19,328 [9] DEBUG JasminSoft.NHibernateUtils.SessionContext - NHibernate session opened.
2011-09-16 08:56:19,343 [9] DEBUG JasminSoft.NHibernateUtils.SessionContext - Session flushed.
2011-09-16 08:56:19,343 [9] DEBUG JasminSoft.NHibernateUtils.SessionContext - Session closed.
2011-09-16 08:56:19,343 [9] DEBUG JasminSoft.NHibernateUtils.SessionContext - NHibernate session opened.
2011-09-16 08:56:19,343 [9] DEBUG JasminSoft.NHibernateUtils.SessionContext - Session flushed.
2011-09-16 08:56:19,343 [9] DEBUG JasminSoft.NHibernateUtils.SessionContext - Session closed.
2011-09-16 08:56:19,343 [9] DEBUG JasminSoft.NHibernateUtils.SessionContext - NHibernate session opened.
2011-09-16 08:56:19,375 [9] DEBUG JasminSoft.NHibernateUtils.SessionContext - Session flushed.
2011-09-16 08:56:19,390 [9] DEBUG JasminSoft.NHibernateUtils.SessionContext - Session closed.
2011-09-16 08:56:21,031 [8] DEBUG JasminSoft.NHibernateUtils.SessionContext - NHibernate session opened.
2011-09-16 08:56:21,031 [8] DEBUG JasminSoft.NHibernateUtils.SessionContext - Session flushed.
2011-09-16 08:56:21,031 [8] DEBUG JasminSoft.NHibernateUtils.SessionContext - Session closed.
2011-09-16 08:56:21,031 [8] DEBUG JasminSoft.NHibernateUtils.SessionContext - NHibernate session opened.
2011-09-16 08:56:21,031 [8] DEBUG JasminSoft.NHibernateUtils.SessionContext - Session flushed.
2011-09-16 08:56:21,031 [8] DEBUG JasminSoft.NHibernateUtils.SessionContext - Session closed.
2011-09-16 08:56:21,031 [8] DEBUG JasminSoft.NHibernateUtils.SessionContext - NHibernate session opened.
2011-09-16 08:56:21,062 [8] DEBUG JasminSoft.NHibernateUtils.SessionContext - Session flushed.
2011-09-16 08:56:21,062 [8] DEBUG JasminSoft.NHibernateUtils.SessionContext - Session closed.
2011-09-16 08:56:23,593 [11] DEBUG JasminSoft.NHibernateUtils.SessionContext - NHibernate session opened.
2011-09-16 08:56:23,593 [11] DEBUG JasminSoft.NHibernateUtils.SessionContext - Session flushed.
2011-09-16 08:56:23,593 [11] DEBUG JasminSoft.NHibernateUtils.SessionContext - Session closed.
2011-09-16 08:56:23,593 [11] DEBUG JasminSoft.NHibernateUtils.SessionContext - NHibernate session opened.
2011-09-16 08:56:23,609 [11] DEBUG JasminSoft.NHibernateUtils.SessionContext - Session flushed.
2011-09-16 08:56:23,609 [11] DEBUG JasminSoft.NHibernateUtils.SessionContext - Session closed.
2011-09-16 08:56:23,609 [11] DEBUG JasminSoft.NHibernateUtils.SessionContext - NHibernate session opened.
2011-09-16 08:56:23,640 [11] DEBUG JasminSoft.NHibernateUtils.SessionContext - Session flushed.
2011-09-16 08:56:23,640 [11] DEBUG JasminSoft.NHibernateUtils.SessionContext - Session closed.
2011-09-16 08:56:25,593 [4] DEBUG JasminSoft.NHibernateUtils.SessionContext - NHibernate session opened.
2011-09-16 08:56:25,593 [4] DEBUG JasminSoft.NHibernateUtils.SessionContext - Session flushed.
2011-09-16 08:56:25,593 [4] DEBUG JasminSoft.NHibernateUtils.SessionContext - Session closed.
2011-09-16 08:56:25,593 [4] DEBUG JasminSoft.NHibernateUtils.SessionContext - NHibernate session opened.
2011-09-16 08:56:25,609 [4] DEBUG JasminSoft.NHibernateUtils.SessionContext - Session flushed.
2011-09-16 08:56:25,609 [4] DEBUG JasminSoft.NHibernateUtils.SessionContext - Session closed.
2011-09-16 08:56:25,609 [4] DEBUG JasminSoft.NHibernateUtils.SessionContext - NHibernate session opened.
2011-09-16 08:56:25,640 [4] DEBUG JasminSoft.NHibernateUtils.SessionContext - Session flushed.
2011-09-16 08:56:25,640 [4] DEBUG JasminSoft.NHibernateUtils.SessionContext - Session closed.
2011-09-16 08:56:26,515 [8] DEBUG JasminSoft.NHibernateUtils.SessionContext - NHibernate session opened.
2011-09-16 08:56:26,515 [8] DEBUG JasminSoft.NHibernateUtils.SessionContext - Session flushed.
2011-09-16 08:56:26,515 [8] DEBUG JasminSoft.NHibernateUtils.SessionContext - Session closed.
2011-09-16 08:56:26,515 [8] DEBUG JasminSoft.NHibernateUtils.SessionContext - NHibernate session opened.
2011-09-16 08:56:26,515 [8] DEBUG JasminSoft.NHibernateUtils.SessionContext - Session flushed.
2011-09-16 08:56:26,531 [8] DEBUG JasminSoft.NHibernateUtils.SessionContext - Session closed.
2011-09-16 08:56:26,531 [8] DEBUG JasminSoft.NHibernateUtils.SessionContext - NHibernate session opened.
2011-09-16 08:56:26,562 [8] DEBUG JasminSoft.NHibernateUtils.SessionContext - Session flushed.
2011-09-16 08:56:26,562 [8] DEBUG JasminSoft.NHibernateUtils.SessionContext - Session closed.
2011-09-16 08:56:26,968 [9] DEBUG JasminSoft.NHibernateUtils.SessionContext - NHibernate session opened.
2011-09-16 08:56:26,968 [9] DEBUG JasminSoft.NHibernateUtils.SessionContext - Session flushed.
2011-09-16 08:56:26,968 [9] DEBUG JasminSoft.NHibernateUtils.SessionContext - Session closed.
2011-09-16 08:56:26,968 [9] DEBUG JasminSoft.NHibernateUtils.SessionContext - NHibernate session opened.
2011-09-16 08:56:26,984 [9] DEBUG JasminSoft.NHibernateUtils.SessionContext - Session flushed.
2011-09-16 08:56:26,984 [9] DEBUG JasminSoft.NHibernateUtils.SessionContext - Session closed.
2011-09-16 08:56:26,984 [9] DEBUG JasminSoft.NHibernateUtils.SessionContext - NHibernate session opened.
2011-09-16 08:56:27,000 [9] DEBUG JasminSoft.NHibernateUtils.SessionContext - Session flushed.
2011-09-16 08:56:27,000 [9] DEBUG JasminSoft.NHibernateUtils.SessionContext - Session closed.
2011-09-16 08:56:27,781 [4] DEBUG JasminSoft.NHibernateUtils.SessionContext - NHibernate session opened.
2011-09-16 08:56:27,781 [4] DEBUG JasminSoft.NHibernateUtils.SessionContext - Session flushed.
2011-09-16 08:56:27,796 [4] DEBUG JasminSoft.NHibernateUtils.SessionContext - Session closed.
2011-09-16 08:56:27,796 [4] DEBUG JasminSoft.NHibernateUtils.SessionContext - NHibernate session opened.
2011-09-16 08:56:27,796 [4] DEBUG JasminSoft.NHibernateUtils.SessionContext - Session flushed.
2011-09-16 08:56:27,796 [4] DEBUG JasminSoft.NHibernateUtils.SessionContext - Session closed.
2011-09-16 08:56:27,796 [4] DEBUG JasminSoft.NHibernateUtils.SessionContext - NHibernate session opened.
2011-09-16 08:56:27,828 [4] DEBUG JasminSoft.NHibernateUtils.SessionContext - Session flushed.
2011-09-16 08:56:27,828 [4] DEBUG JasminSoft.NHibernateUtils.SessionContext - Session closed.
2011-09-16 08:56:28,218 [8] DEBUG JasminSoft.NHibernateUtils.SessionContext - NHibernate session opened.
2011-09-16 08:56:28,218 [8] DEBUG JasminSoft.NHibernateUtils.SessionContext - Session flushed.
2011-09-16 08:56:28,218 [8] DEBUG JasminSoft.NHibernateUtils.SessionContext - Session closed.
2011-09-16 08:56:28,218 [8] DEBUG JasminSoft.NHibernateUtils.SessionContext - NHibernate session opened.
2011-09-16 08:56:28,218 [8] DEBUG JasminSoft.NHibernateUtils.SessionContext - Session flushed.
2011-09-16 08:56:28,218 [8] DEBUG JasminSoft.NHibernateUtils.SessionContext - Session closed.
2011-09-16 08:56:28,218 [8] DEBUG JasminSoft.NHibernateUtils.SessionContext - NHibernate session opened.
2011-09-16 08:56:28,234 [8] DEBUG JasminSoft.NHibernateUtils.SessionContext - Session flushed.
2011-09-16 08:56:28,234 [8] DEBUG JasminSoft.NHibernateUtils.SessionContext - Session closed.
2011-09-16 08:58:49,328 [11] DEBUG JasminSoft.NHibernateUtils.SessionContext - NHibernate session factory built.
2011-09-16 08:58:49,359 [11] DEBUG JasminSoft.NHibernateUtils.SessionContext - NHibernate session opened.
2011-09-16 08:58:50,046 [11] DEBUG JasminSoft.NHibernateUtils.SessionContext - Session flushed.
2011-09-16 08:58:50,046 [11] DEBUG JasminSoft.NHibernateUtils.SessionContext - Session closed.
2011-09-16 08:58:51,171 [4] DEBUG JasminSoft.NHibernateUtils.SessionContext - NHibernate session opened.
2011-09-16 08:58:51,187 [4] DEBUG JasminSoft.NHibernateUtils.SessionContext - Session flushed.
2011-09-16 08:58:51,187 [4] DEBUG JasminSoft.NHibernateUtils.SessionContext - Session closed.
2011-09-16 08:58:51,640 [15] DEBUG JasminSoft.NHibernateUtils.SessionContext - NHibernate session opened.
2011-09-16 08:58:51,656 [15] DEBUG JasminSoft.NHibernateUtils.SessionContext - Session flushed.
2011-09-16 08:58:51,656 [15] DEBUG JasminSoft.NHibernateUtils.SessionContext - Session closed.
2011-09-16 08:58:51,687 [15] DEBUG JasminSoft.NHibernateUtils.SessionContext - NHibernate session opened.
2011-09-16 08:58:51,687 [15] DEBUG JasminSoft.NHibernateUtils.SessionContext - Session flushed.
2011-09-16 08:58:51,687 [15] DEBUG JasminSoft.NHibernateUtils.SessionContext - Session closed.
2011-09-16 08:58:51,687 [15] DEBUG JasminSoft.NHibernateUtils.SessionContext - NHibernate session opened.
2011-09-16 08:58:51,796 [15] DEBUG JasminSoft.NHibernateUtils.SessionContext - Session flushed.
2011-09-16 08:58:51,796 [15] DEBUG JasminSoft.NHibernateUtils.SessionContext - Session closed.
2011-09-16 08:58:51,812 [15] DEBUG JasminSoft.NHibernateUtils.SessionContext - NHibernate session opened.
2011-09-16 08:58:51,828 [15] DEBUG JasminSoft.NHibernateUtils.SessionContext - Session flushed.
2011-09-16 08:58:51,828 [15] DEBUG JasminSoft.NHibernateUtils.SessionContext - Session closed.
2011-09-16 08:58:51,828 [15] DEBUG JasminSoft.NHibernateUtils.SessionContext - NHibernate session opened.
2011-09-16 08:58:51,843 [15] DEBUG JasminSoft.NHibernateUtils.SessionContext - Session flushed.
2011-09-16 08:58:51,843 [15] DEBUG JasminSoft.NHibernateUtils.SessionContext - Session closed.
2011-09-16 08:58:51,843 [15] DEBUG JasminSoft.NHibernateUtils.SessionContext - NHibernate session opened.
2011-09-16 08:58:51,859 [15] DEBUG JasminSoft.NHibernateUtils.SessionContext - Session flushed.
2011-09-16 08:58:51,859 [15] DEBUG JasminSoft.NHibernateUtils.SessionContext - Session closed.
2011-09-16 08:59:21,296 [15] DEBUG JasminSoft.NHibernateUtils.SessionContext - NHibernate session opened.
2011-09-16 08:59:21,312 [15] DEBUG JasminSoft.NHibernateUtils.SessionContext - Session flushed.
2011-09-16 08:59:21,312 [15] DEBUG JasminSoft.NHibernateUtils.SessionContext - Session closed.
2011-09-16 08:59:22,421 [10] DEBUG JasminSoft.NHibernateUtils.SessionContext - NHibernate session opened.
2011-09-16 08:59:22,421 [10] DEBUG JasminSoft.NHibernateUtils.SessionContext - Session flushed.
2011-09-16 08:59:22,421 [10] DEBUG JasminSoft.NHibernateUtils.SessionContext - Session closed.
2011-09-16 08:59:22,812 [9] DEBUG JasminSoft.NHibernateUtils.SessionContext - NHibernate session opened.
2011-09-16 08:59:22,812 [9] DEBUG JasminSoft.NHibernateUtils.SessionContext - Session flushed.
2011-09-16 08:59:22,812 [9] DEBUG JasminSoft.NHibernateUtils.SessionContext - Session closed.
2011-09-16 08:59:22,812 [9] DEBUG JasminSoft.NHibernateUtils.SessionContext - NHibernate session opened.
2011-09-16 08:59:22,828 [9] DEBUG JasminSoft.NHibernateUtils.SessionContext - Session flushed.
2011-09-16 08:59:22,828 [9] DEBUG JasminSoft.NHibernateUtils.SessionContext - Session closed.
2011-09-16 08:59:22,859 [13] DEBUG JasminSoft.NHibernateUtils.SessionContext - NHibernate session opened.
2011-09-16 08:59:22,859 [13] DEBUG JasminSoft.NHibernateUtils.SessionContext - Session flushed.
2011-09-16 08:59:22,859 [13] DEBUG JasminSoft.NHibernateUtils.SessionContext - Session closed.
2011-09-16 08:59:23,328 [8] DEBUG JasminSoft.NHibernateUtils.SessionContext - NHibernate session opened.
2011-09-16 08:59:23,328 [8] DEBUG JasminSoft.NHibernateUtils.SessionContext - Session flushed.
2011-09-16 08:59:23,328 [8] DEBUG JasminSoft.NHibernateUtils.SessionContext - Session closed.
2011-09-16 08:59:23,828 [10] DEBUG JasminSoft.NHibernateUtils.SessionContext - NHibernate session opened.
2011-09-16 08:59:23,828 [10] DEBUG JasminSoft.NHibernateUtils.SessionContext - Session flushed.
2011-09-16 08:59:23,828 [10] DEBUG JasminSoft.NHibernateUtils.SessionContext - Session closed.
2011-09-16 08:59:24,328 [4] DEBUG JasminSoft.NHibernateUtils.SessionContext - NHibernate session opened.
2011-09-16 08:59:24,328 [4] DEBUG JasminSoft.NHibernateUtils.SessionContext - Session flushed.
2011-09-16 08:59:24,328 [4] DEBUG JasminSoft.NHibernateUtils.SessionContext - Session closed.
2011-09-16 08:59:25,312 [8] DEBUG JasminSoft.NHibernateUtils.SessionContext - NHibernate session opened.
2011-09-16 08:59:25,312 [8] DEBUG JasminSoft.NHibernateUtils.SessionContext - Session flushed.
2011-09-16 08:59:25,312 [8] DEBUG JasminSoft.NHibernateUtils.SessionContext - Session closed.
2011-09-16 08:59:25,312 [8] DEBUG JasminSoft.NHibernateUtils.SessionContext - NHibernate session opened.
2011-09-16 08:59:25,343 [8] DEBUG JasminSoft.NHibernateUtils.SessionContext - Session flushed.
2011-09-16 08:59:25,359 [8] DEBUG JasminSoft.NHibernateUtils.SessionContext - Session closed.
2011-09-16 09:17:14,203 [8] DEBUG JasminSoft.NHibernateUtils.SessionContext - NHibernate session opened.
2011-09-16 09:17:14,234 [8] DEBUG JasminSoft.NHibernateUtils.SessionContext - Session flushed.
2011-09-16 09:17:14,234 [8] DEBUG JasminSoft.NHibernateUtils.SessionContext - Session closed.
2011-09-16 09:17:14,234 [8] DEBUG JasminSoft.NHibernateUtils.SessionContext - NHibernate session opened.
2011-09-16 09:17:14,234 [8] DEBUG JasminSoft.NHibernateUtils.SessionContext - Session flushed.
2011-09-16 09:17:14,234 [8] DEBUG JasminSoft.NHibernateUtils.SessionContext - Session closed.
2011-09-16 09:17:14,296 [8] DEBUG JasminSoft.NHibernateUtils.SessionContext - NHibernate session opened.
2011-09-16 09:17:14,296 [8] DEBUG JasminSoft.NHibernateUtils.SessionContext - Session flushed.
2011-09-16 09:17:14,296 [8] DEBUG JasminSoft.NHibernateUtils.SessionContext - Session closed.
2011-09-16 09:20:12,468 [9] DEBUG JasminSoft.NHibernateUtils.SessionContext - NHibernate session opened.
2011-09-16 09:20:12,484 [9] DEBUG JasminSoft.NHibernateUtils.SessionContext - Session flushed.
2011-09-16 09:20:12,484 [9] DEBUG JasminSoft.NHibernateUtils.SessionContext - Session closed.
2011-09-16 09:20:13,000 [4] DEBUG JasminSoft.NHibernateUtils.SessionContext - NHibernate session opened.
2011-09-16 09:20:13,015 [4] DEBUG JasminSoft.NHibernateUtils.SessionContext - Session flushed.
2011-09-16 09:20:13,015 [4] DEBUG JasminSoft.NHibernateUtils.SessionContext - Session closed.
2011-09-16 09:20:13,046 [9] DEBUG JasminSoft.NHibernateUtils.SessionContext - NHibernate session opened.
2011-09-16 09:20:13,046 [9] DEBUG JasminSoft.NHibernateUtils.SessionContext - Session flushed.
2011-09-16 09:20:13,046 [9] DEBUG JasminSoft.NHibernateUtils.SessionContext - Session closed.
2011-09-16 09:20:13,046 [9] DEBUG JasminSoft.NHibernateUtils.SessionContext - NHibernate session opened.
2011-09-16 09:20:13,093 [9] DEBUG JasminSoft.NHibernateUtils.SessionContext - Session flushed.
2011-09-16 09:20:13,093 [9] DEBUG JasminSoft.NHibernateUtils.SessionContext - Session closed.
2011-09-16 09:20:13,562 [4] DEBUG JasminSoft.NHibernateUtils.SessionContext - NHibernate session opened.
2011-09-16 09:20:13,578 [4] DEBUG JasminSoft.NHibernateUtils.SessionContext - Session flushed.
2011-09-16 09:20:13,578 [4] DEBUG JasminSoft.NHibernateUtils.SessionContext - Session closed.
2011-09-16 09:20:14,062 [8] DEBUG JasminSoft.NHibernateUtils.SessionContext - NHibernate session opened.
2011-09-16 09:20:14,078 [8] DEBUG JasminSoft.NHibernateUtils.SessionContext - Session flushed.
2011-09-16 09:20:14,078 [8] DEBUG JasminSoft.NHibernateUtils.SessionContext - Session closed.
2011-09-16 09:20:14,562 [4] DEBUG JasminSoft.NHibernateUtils.SessionContext - NHibernate session opened.
2011-09-16 09:20:14,578 [4] DEBUG JasminSoft.NHibernateUtils.SessionContext - Session flushed.
2011-09-16 09:20:14,578 [4] DEBUG JasminSoft.NHibernateUtils.SessionContext - Session closed.
2011-09-16 09:20:42,187 [8] DEBUG JasminSoft.NHibernateUtils.SessionContext - NHibernate session opened.
2011-09-16 09:20:42,234 [8] DEBUG JasminSoft.NHibernateUtils.SessionContext - Session flushed.
2011-09-16 09:20:42,234 [8] DEBUG JasminSoft.NHibernateUtils.SessionContext - Session closed.
2011-09-16 09:29:58,531 [4] DEBUG JasminSoft.NHibernateUtils.SessionContext - NHibernate session opened.
2011-09-16 09:29:58,531 [4] DEBUG JasminSoft.NHibernateUtils.SessionContext - Session flushed.
2011-09-16 09:29:58,531 [4] DEBUG JasminSoft.NHibernateUtils.SessionContext - Session closed.
2011-09-16 09:29:59,093 [11] DEBUG JasminSoft.NHibernateUtils.SessionContext - NHibernate session opened.
2011-09-16 09:29:59,093 [11] DEBUG JasminSoft.NHibernateUtils.SessionContext - Session flushed.
2011-09-16 09:29:59,093 [11] DEBUG JasminSoft.NHibernateUtils.SessionContext - Session closed.
2011-09-16 09:29:59,140 [4] DEBUG JasminSoft.NHibernateUtils.SessionContext - NHibernate session opened.
2011-09-16 09:29:59,140 [4] DEBUG JasminSoft.NHibernateUtils.SessionContext - Session flushed.
2011-09-16 09:29:59,140 [4] DEBUG JasminSoft.NHibernateUtils.SessionContext - Session closed.
2011-09-16 09:29:59,140 [4] DEBUG JasminSoft.NHibernateUtils.SessionContext - NHibernate session opened.
2011-09-16 09:29:59,203 [4] DEBUG JasminSoft.NHibernateUtils.SessionContext - Session flushed.
2011-09-16 09:29:59,203 [4] DEBUG JasminSoft.NHibernateUtils.SessionContext - Session closed.
2011-09-16 09:29:59,671 [10] DEBUG JasminSoft.NHibernateUtils.SessionContext - NHibernate session opened.
2011-09-16 09:29:59,687 [10] DEBUG JasminSoft.NHibernateUtils.SessionContext - Session flushed.
2011-09-16 09:29:59,687 [10] DEBUG JasminSoft.NHibernateUtils.SessionContext - Session closed.
2011-09-16 09:30:00,171 [10] DEBUG JasminSoft.NHibernateUtils.SessionContext - NHibernate session opened.
2011-09-16 09:30:00,187 [10] DEBUG JasminSoft.NHibernateUtils.SessionContext - Session flushed.
2011-09-16 09:30:00,187 [10] DEBUG JasminSoft.NHibernateUtils.SessionContext - Session closed.
2011-09-16 09:30:00,671 [4] DEBUG JasminSoft.NHibernateUtils.SessionContext - NHibernate session opened.
2011-09-16 09:30:00,687 [4] DEBUG JasminSoft.NHibernateUtils.SessionContext - Session flushed.
2011-09-16 09:30:00,687 [4] DEBUG JasminSoft.NHibernateUtils.SessionContext - Session closed.
2011-09-16 09:30:03,796 [4] DEBUG JasminSoft.NHibernateUtils.SessionContext - NHibernate session opened.
2011-09-16 09:30:03,796 [4] DEBUG JasminSoft.NHibernateUtils.SessionContext - Session flushed.
2011-09-16 09:30:03,796 [4] DEBUG JasminSoft.NHibernateUtils.SessionContext - Session closed.
2011-09-16 09:30:03,812 [9] DEBUG JasminSoft.NHibernateUtils.SessionContext - NHibernate session opened.
2011-09-16 09:30:03,828 [9] DEBUG JasminSoft.NHibernateUtils.SessionContext - Session flushed.
2011-09-16 09:30:03,828 [9] DEBUG JasminSoft.NHibernateUtils.SessionContext - Session closed.
2011-09-16 09:30:03,890 [4] DEBUG JasminSoft.NHibernateUtils.SessionContext - NHibernate session opened.
2011-09-16 09:30:03,890 [4] DEBUG JasminSoft.NHibernateUtils.SessionContext - Session flushed.
2011-09-16 09:30:03,890 [4] DEBUG JasminSoft.NHibernateUtils.SessionContext - Session closed.
2011-09-16 09:30:05,953 [10] DEBUG JasminSoft.NHibernateUtils.SessionContext - NHibernate session opened.
2011-09-16 09:30:05,953 [10] DEBUG JasminSoft.NHibernateUtils.SessionContext - Session flushed.
2011-09-16 09:30:05,953 [10] DEBUG JasminSoft.NHibernateUtils.SessionContext - Session closed.
2011-09-16 09:30:05,953 [10] DEBUG JasminSoft.NHibernateUtils.SessionContext - NHibernate session opened.
2011-09-16 09:30:05,968 [10] DEBUG JasminSoft.NHibernateUtils.SessionContext - Session flushed.
2011-09-16 09:30:05,968 [10] DEBUG JasminSoft.NHibernateUtils.SessionContext - Session closed.
2011-09-16 09:30:05,968 [10] DEBUG JasminSoft.NHibernateUtils.SessionContext - NHibernate session opened.
2011-09-16 09:30:05,984 [10] DEBUG JasminSoft.NHibernateUtils.SessionContext - Session flushed.
2011-09-16 09:30:05,984 [10] DEBUG JasminSoft.NHibernateUtils.SessionContext - Session closed.
2011-09-16 09:36:48,734 [10] DEBUG JasminSoft.NHibernateUtils.SessionContext - NHibernate session opened.
2011-09-16 09:36:48,781 [10] DEBUG JasminSoft.NHibernateUtils.SessionContext - Session flushed.
2011-09-16 09:36:48,781 [10] DEBUG JasminSoft.NHibernateUtils.SessionContext - Session closed.
2011-09-16 09:36:49,375 [10] DEBUG JasminSoft.NHibernateUtils.SessionContext - NHibernate session opened.
2011-09-16 09:36:49,375 [10] DEBUG JasminSoft.NHibernateUtils.SessionContext - Session flushed.
2011-09-16 09:36:49,375 [10] DEBUG JasminSoft.NHibernateUtils.SessionContext - Session closed.
2011-09-16 09:36:49,484 [10] DEBUG JasminSoft.NHibernateUtils.SessionContext - NHibernate session opened.
2011-09-16 09:36:49,484 [10] DEBUG JasminSoft.NHibernateUtils.SessionContext - Session flushed.
2011-09-16 09:36:49,484 [10] DEBUG JasminSoft.NHibernateUtils.SessionContext - Session closed.
2011-09-16 09:36:49,484 [10] DEBUG JasminSoft.NHibernateUtils.SessionContext - NHibernate session opened.
2011-09-16 09:36:49,531 [10] DEBUG JasminSoft.NHibernateUtils.SessionContext - Session flushed.
2011-09-16 09:36:49,531 [10] DEBUG JasminSoft.NHibernateUtils.SessionContext - Session closed.
2011-09-16 09:36:49,531 [10] DEBUG JasminSoft.NHibernateUtils.SessionContext - NHibernate session opened.
2011-09-16 09:36:49,546 [10] DEBUG JasminSoft.NHibernateUtils.SessionContext - Session flushed.
2011-09-16 09:36:49,546 [10] DEBUG JasminSoft.NHibernateUtils.SessionContext - Session closed.
2011-09-16 09:36:49,562 [10] DEBUG JasminSoft.NHibernateUtils.SessionContext - NHibernate session opened.
2011-09-16 09:36:49,562 [10] DEBUG JasminSoft.NHibernateUtils.SessionContext - Session flushed.
2011-09-16 09:36:49,562 [10] DEBUG JasminSoft.NHibernateUtils.SessionContext - Session closed.
2011-09-16 09:36:49,578 [10] DEBUG JasminSoft.NHibernateUtils.SessionContext - NHibernate session opened.
2011-09-16 09:36:49,578 [10] DEBUG JasminSoft.NHibernateUtils.SessionContext - Session flushed.
2011-09-16 09:36:49,578 [10] DEBUG JasminSoft.NHibernateUtils.SessionContext - Session closed.
2011-09-16 09:36:53,000 [4] DEBUG JasminSoft.NHibernateUtils.SessionContext - NHibernate session opened.
2011-09-16 09:36:53,000 [4] DEBUG JasminSoft.NHibernateUtils.SessionContext - Session flushed.
2011-09-16 09:36:53,000 [4] DEBUG JasminSoft.NHibernateUtils.SessionContext - Session closed.
2011-09-16 09:36:53,015 [10] DEBUG JasminSoft.NHibernateUtils.SessionContext - NHibernate session opened.
2011-09-16 09:36:53,015 [10] DEBUG JasminSoft.NHibernateUtils.SessionContext - Session flushed.
2011-09-16 09:36:53,015 [10] DEBUG JasminSoft.NHibernateUtils.SessionContext - Session closed.
2011-09-16 09:36:53,109 [10] DEBUG JasminSoft.NHibernateUtils.SessionContext - NHibernate session opened.
2011-09-16 09:36:53,109 [10] DEBUG JasminSoft.NHibernateUtils.SessionContext - Session flushed.
2011-09-16 09:36:53,109 [10] DEBUG JasminSoft.NHibernateUtils.SessionContext - Session closed.
2011-09-16 09:36:54,421 [10] DEBUG JasminSoft.NHibernateUtils.SessionContext - NHibernate session opened.
2011-09-16 09:36:54,421 [10] DEBUG JasminSoft.NHibernateUtils.SessionContext - Session flushed.
2011-09-16 09:36:54,421 [10] DEBUG JasminSoft.NHibernateUtils.SessionContext - Session closed.
2011-09-16 09:36:54,437 [4] DEBUG JasminSoft.NHibernateUtils.SessionContext - NHibernate session opened.
2011-09-16 09:36:54,437 [4] DEBUG JasminSoft.NHibernateUtils.SessionContext - Session flushed.
2011-09-16 09:36:54,437 [4] DEBUG JasminSoft.NHibernateUtils.SessionContext - Session closed.
2011-09-16 09:36:54,437 [10] DEBUG JasminSoft.NHibernateUtils.SessionContext - NHibernate session opened.
2011-09-16 09:36:54,453 [10] DEBUG JasminSoft.NHibernateUtils.SessionContext - Session flushed.
2011-09-16 09:36:54,453 [10] DEBUG JasminSoft.NHibernateUtils.SessionContext - Session closed.
2011-09-16 09:37:54,703 [4] DEBUG JasminSoft.NHibernateUtils.SessionContext - NHibernate session opened.
2011-09-16 09:37:54,703 [4] DEBUG JasminSoft.NHibernateUtils.SessionContext - Session flushed.
2011-09-16 09:37:54,703 [4] DEBUG JasminSoft.NHibernateUtils.SessionContext - Session closed.
2011-09-16 09:37:54,703 [4] DEBUG JasminSoft.NHibernateUtils.SessionContext - NHibernate session opened.
2011-09-16 09:37:55,000 [4] DEBUG JasminSoft.NHibernateUtils.SessionContext - Session flushed.
2011-09-16 09:37:55,000 [4] DEBUG JasminSoft.NHibernateUtils.SessionContext - Session closed.
2011-09-16 09:38:00,250 [10] DEBUG JasminSoft.NHibernateUtils.SessionContext - NHibernate session opened.
2011-09-16 09:38:00,250 [10] DEBUG JasminSoft.NHibernateUtils.SessionContext - Session flushed.
2011-09-16 09:38:00,250 [10] DEBUG JasminSoft.NHibernateUtils.SessionContext - Session closed.
2011-09-16 09:38:00,250 [10] DEBUG JasminSoft.NHibernateUtils.SessionContext - NHibernate session opened.
2011-09-16 09:38:00,296 [10] DEBUG JasminSoft.NHibernateUtils.SessionContext - Session flushed.
2011-09-16 09:38:00,296 [10] DEBUG JasminSoft.NHibernateUtils.SessionContext - Session closed.
2011-09-16 09:38:00,765 [4] DEBUG JasminSoft.NHibernateUtils.SessionContext - NHibernate session opened.
2011-09-16 09:38:00,781 [4] DEBUG JasminSoft.NHibernateUtils.SessionContext - Session flushed.
2011-09-16 09:38:00,781 [4] DEBUG JasminSoft.NHibernateUtils.SessionContext - Session closed.
2011-09-16 09:38:00,781 [8] DEBUG JasminSoft.NHibernateUtils.SessionContext - NHibernate session opened.
2011-09-16 09:38:00,796 [8] DEBUG JasminSoft.NHibernateUtils.SessionContext - Session flushed.
2011-09-16 09:38:00,796 [8] DEBUG JasminSoft.NHibernateUtils.SessionContext - Session closed.
2011-09-16 09:38:01,281 [4] DEBUG JasminSoft.NHibernateUtils.SessionContext - NHibernate session opened.
2011-09-16 09:38:01,296 [4] DEBUG JasminSoft.NHibernateUtils.SessionContext - Session flushed.
2011-09-16 09:38:01,296 [4] DEBUG JasminSoft.NHibernateUtils.SessionContext - Session closed.
2011-09-16 09:38:03,656 [10] DEBUG JasminSoft.NHibernateUtils.SessionContext - NHibernate session opened.
2011-09-16 09:38:03,656 [10] DEBUG JasminSoft.NHibernateUtils.SessionContext - Session flushed.
2011-09-16 09:38:03,656 [10] DEBUG JasminSoft.NHibernateUtils.SessionContext - Session closed.
2011-09-16 09:38:03,671 [4] DEBUG JasminSoft.NHibernateUtils.SessionContext - NHibernate session opened.
2011-09-16 09:38:03,671 [4] DEBUG JasminSoft.NHibernateUtils.SessionContext - Session flushed.
2011-09-16 09:38:03,671 [4] DEBUG JasminSoft.NHibernateUtils.SessionContext - Session closed.
2011-09-16 09:38:03,750 [8] DEBUG JasminSoft.NHibernateUtils.SessionContext - NHibernate session opened.
2011-09-16 09:38:03,750 [8] DEBUG JasminSoft.NHibernateUtils.SessionContext - Session flushed.
2011-09-16 09:38:03,750 [8] DEBUG JasminSoft.NHibernateUtils.SessionContext - Session closed.
2011-09-16 09:38:06,796 [8] DEBUG JasminSoft.NHibernateUtils.SessionContext - NHibernate session opened.
2011-09-16 09:38:06,812 [8] DEBUG JasminSoft.NHibernateUtils.SessionContext - Session flushed.
2011-09-16 09:38:06,812 [8] DEBUG JasminSoft.NHibernateUtils.SessionContext - Session closed.
2011-09-16 09:38:06,812 [8] DEBUG JasminSoft.NHibernateUtils.SessionContext - NHibernate session opened.
2011-09-16 09:38:06,875 [8] DEBUG JasminSoft.NHibernateUtils.SessionContext - Session flushed.
2011-09-16 09:38:06,875 [8] DEBUG JasminSoft.NHibernateUtils.SessionContext - Session closed.
2011-09-16 09:38:07,328 [10] DEBUG JasminSoft.NHibernateUtils.SessionContext - NHibernate session opened.
2011-09-16 09:38:07,343 [10] DEBUG JasminSoft.NHibernateUtils.SessionContext - Session flushed.
2011-09-16 09:38:07,343 [10] DEBUG JasminSoft.NHibernateUtils.SessionContext - Session closed.
2011-09-16 09:38:07,343 [8] DEBUG JasminSoft.NHibernateUtils.SessionContext - NHibernate session opened.
2011-09-16 09:38:07,359 [8] DEBUG JasminSoft.NHibernateUtils.SessionContext - Session flushed.
2011-09-16 09:38:07,359 [8] DEBUG JasminSoft.NHibernateUtils.SessionContext - Session closed.
2011-09-16 09:38:07,359 [8] DEBUG JasminSoft.NHibernateUtils.SessionContext - NHibernate session opened.
2011-09-16 09:38:07,375 [8] DEBUG JasminSoft.NHibernateUtils.SessionContext - Session flushed.
2011-09-16 09:38:07,375 [8] DEBUG JasminSoft.NHibernateUtils.SessionContext - Session closed.
2011-09-16 09:38:09,234 [10] DEBUG JasminSoft.NHibernateUtils.SessionContext - NHibernate session opened.
2011-09-16 09:38:09,250 [10] DEBUG JasminSoft.NHibernateUtils.SessionContext - Session flushed.
2011-09-16 09:38:09,250 [10] DEBUG JasminSoft.NHibernateUtils.SessionContext - Session closed.
2011-09-16 09:38:09,250 [10] DEBUG JasminSoft.NHibernateUtils.SessionContext - NHibernate session opened.
2011-09-16 09:38:09,265 [10] DEBUG JasminSoft.NHibernateUtils.SessionContext - Session flushed.
2011-09-16 09:38:09,265 [10] DEBUG JasminSoft.NHibernateUtils.SessionContext - Session closed.
2011-09-16 09:38:21,171 [10] DEBUG JasminSoft.NHibernateUtils.SessionContext - NHibernate session opened.
2011-09-16 09:38:21,187 [10] DEBUG JasminSoft.NHibernateUtils.SessionContext - Session flushed.
2011-09-16 09:38:21,187 [10] DEBUG JasminSoft.NHibernateUtils.SessionContext - Session closed.
2011-09-16 09:38:21,187 [10] DEBUG JasminSoft.NHibernateUtils.SessionContext - NHibernate session opened.
2011-09-16 09:38:21,203 [10] DEBUG JasminSoft.NHibernateUtils.SessionContext - Session flushed.
2011-09-16 09:38:21,203 [10] DEBUG JasminSoft.NHibernateUtils.SessionContext - Session closed.
2011-09-16 09:38:21,250 [10] DEBUG JasminSoft.NHibernateUtils.SessionContext - NHibernate session opened.
2011-09-16 09:38:21,250 [10] DEBUG JasminSoft.NHibernateUtils.SessionContext - Session flushed.
2011-09-16 09:38:21,250 [10] DEBUG JasminSoft.NHibernateUtils.SessionContext - Session closed.
2011-09-16 09:38:25,578 [10] DEBUG JasminSoft.NHibernateUtils.SessionContext - NHibernate session opened.
2011-09-16 09:38:25,578 [10] DEBUG JasminSoft.NHibernateUtils.SessionContext - Session flushed.
2011-09-16 09:38:25,578 [10] DEBUG JasminSoft.NHibernateUtils.SessionContext - Session closed.
2011-09-16 09:38:25,578 [10] DEBUG JasminSoft.NHibernateUtils.SessionContext - NHibernate session opened.
2011-09-16 09:38:25,671 [10] DEBUG JasminSoft.NHibernateUtils.SessionContext - Session flushed.
2011-09-16 09:38:25,671 [10] DEBUG JasminSoft.NHibernateUtils.SessionContext - Session closed.
2011-09-16 09:38:25,687 [10] DEBUG JasminSoft.NHibernateUtils.SessionContext - NHibernate session opened.
2011-09-16 09:38:25,718 [10] DEBUG JasminSoft.NHibernateUtils.SessionContext - Session flushed.
2011-09-16 09:38:25,718 [10] DEBUG JasminSoft.NHibernateUtils.SessionContext - Session closed.
2011-09-16 09:38:30,015 [10] DEBUG JasminSoft.NHibernateUtils.SessionContext - NHibernate session opened.
2011-09-16 09:38:30,015 [10] DEBUG JasminSoft.NHibernateUtils.SessionContext - Session flushed.
2011-09-16 09:38:30,015 [10] DEBUG JasminSoft.NHibernateUtils.SessionContext - Session closed.
2011-09-16 09:38:30,015 [10] DEBUG JasminSoft.NHibernateUtils.SessionContext - NHibernate session opened.
2011-09-16 09:38:30,031 [10] DEBUG JasminSoft.NHibernateUtils.SessionContext - Session flushed.
2011-09-16 09:38:30,031 [10] DEBUG JasminSoft.NHibernateUtils.SessionContext - Session closed.
2011-09-16 09:38:30,031 [10] DEBUG JasminSoft.NHibernateUtils.SessionContext - NHibernate session opened.
2011-09-16 09:38:30,062 [10] DEBUG JasminSoft.NHibernateUtils.SessionContext - Session flushed.
2011-09-16 09:38:30,062 [10] DEBUG JasminSoft.NHibernateUtils.SessionContext - Session closed.
2011-09-16 09:38:33,218 [10] DEBUG JasminSoft.NHibernateUtils.SessionContext - NHibernate session opened.
2011-09-16 09:38:33,218 [10] DEBUG JasminSoft.NHibernateUtils.SessionContext - Session flushed.
2011-09-16 09:38:33,218 [10] DEBUG JasminSoft.NHibernateUtils.SessionContext - Session closed.
2011-09-16 09:38:33,218 [10] DEBUG JasminSoft.NHibernateUtils.SessionContext - NHibernate session opened.
2011-09-16 09:38:33,218 [10] DEBUG JasminSoft.NHibernateUtils.SessionContext - Session flushed.
2011-09-16 09:38:33,234 [10] DEBUG JasminSoft.NHibernateUtils.SessionContext - Session closed.
2011-09-16 09:38:33,234 [10] DEBUG JasminSoft.NHibernateUtils.SessionContext - NHibernate session opened.
2011-09-16 09:38:33,296 [10] DEBUG JasminSoft.NHibernateUtils.SessionContext - Session flushed.
2011-09-16 09:38:33,296 [10] DEBUG JasminSoft.NHibernateUtils.SessionContext - Session closed.
2011-09-16 09:38:34,546 [10] DEBUG JasminSoft.NHibernateUtils.SessionContext - NHibernate session opened.
2011-09-16 09:38:34,562 [10] DEBUG JasminSoft.NHibernateUtils.SessionContext - Session flushed.
2011-09-16 09:38:34,562 [10] DEBUG JasminSoft.NHibernateUtils.SessionContext - Session closed.
2011-09-16 09:38:34,562 [10] DEBUG JasminSoft.NHibernateUtils.SessionContext - NHibernate session opened.
2011-09-16 09:38:34,562 [10] DEBUG JasminSoft.NHibernateUtils.SessionContext - Session flushed.
2011-09-16 09:38:34,562 [10] DEBUG JasminSoft.NHibernateUtils.SessionContext - Session closed.
2011-09-16 09:38:34,562 [10] DEBUG JasminSoft.NHibernateUtils.SessionContext - NHibernate session opened.
2011-09-16 09:38:34,593 [10] DEBUG JasminSoft.NHibernateUtils.SessionContext - Session flushed.
2011-09-16 09:38:34,593 [10] DEBUG JasminSoft.NHibernateUtils.SessionContext - Session closed.
2011-09-16 09:38:37,093 [10] DEBUG JasminSoft.NHibernateUtils.SessionContext - NHibernate session opened.
2011-09-16 09:38:37,093 [10] DEBUG JasminSoft.NHibernateUtils.SessionContext - Session flushed.
2011-09-16 09:38:37,093 [10] DEBUG JasminSoft.NHibernateUtils.SessionContext - Session closed.
2011-09-16 09:38:37,093 [10] DEBUG JasminSoft.NHibernateUtils.SessionContext - NHibernate session opened.
2011-09-16 09:38:37,109 [10] DEBUG JasminSoft.NHibernateUtils.SessionContext - Session flushed.
2011-09-16 09:38:37,109 [10] DEBUG JasminSoft.NHibernateUtils.SessionContext - Session closed.
2011-09-16 09:52:08,343 [8] DEBUG JasminSoft.NHibernateUtils.SessionContext - NHibernate session opened.
2011-09-16 09:52:08,359 [8] DEBUG JasminSoft.NHibernateUtils.SessionContext - Session flushed.
2011-09-16 09:52:08,359 [8] DEBUG JasminSoft.NHibernateUtils.SessionContext - Session closed.
2011-09-16 09:52:08,906 [9] DEBUG JasminSoft.NHibernateUtils.SessionContext - NHibernate session opened.
2011-09-16 09:52:08,906 [9] DEBUG JasminSoft.NHibernateUtils.SessionContext - Session flushed.
2011-09-16 09:52:08,906 [9] DEBUG JasminSoft.NHibernateUtils.SessionContext - Session closed.
2011-09-16 09:52:08,937 [4] DEBUG JasminSoft.NHibernateUtils.SessionContext - NHibernate session opened.
2011-09-16 09:52:08,937 [4] DEBUG JasminSoft.NHibernateUtils.SessionContext - Session flushed.
2011-09-16 09:52:08,937 [4] DEBUG JasminSoft.NHibernateUtils.SessionContext - Session closed.
2011-09-16 09:52:08,937 [4] DEBUG JasminSoft.NHibernateUtils.SessionContext - NHibernate session opened.
2011-09-16 09:52:09,000 [4] DEBUG JasminSoft.NHibernateUtils.SessionContext - Session flushed.
2011-09-16 09:52:09,000 [4] DEBUG JasminSoft.NHibernateUtils.SessionContext - Session closed.
2011-09-16 09:52:09,468 [10] DEBUG JasminSoft.NHibernateUtils.SessionContext - NHibernate session opened.
2011-09-16 09:52:09,484 [10] DEBUG JasminSoft.NHibernateUtils.SessionContext - Session flushed.
2011-09-16 09:52:09,484 [10] DEBUG JasminSoft.NHibernateUtils.SessionContext - Session closed.
2011-09-16 09:52:09,968 [11] DEBUG JasminSoft.NHibernateUtils.SessionContext - NHibernate session opened.
2011-09-16 09:52:09,984 [11] DEBUG JasminSoft.NHibernateUtils.SessionContext - Session flushed.
2011-09-16 09:52:09,984 [11] DEBUG JasminSoft.NHibernateUtils.SessionContext - Session closed.
2011-09-16 09:52:10,468 [4] DEBUG JasminSoft.NHibernateUtils.SessionContext - NHibernate session opened.
2011-09-16 09:52:10,484 [4] DEBUG JasminSoft.NHibernateUtils.SessionContext - Session flushed.
2011-09-16 09:52:10,484 [4] DEBUG JasminSoft.NHibernateUtils.SessionContext - Session closed.
2011-09-16 09:52:12,218 [13] DEBUG JasminSoft.NHibernateUtils.SessionContext - NHibernate session opened.
2011-09-16 09:52:12,218 [13] DEBUG JasminSoft.NHibernateUtils.SessionContext - Session flushed.
2011-09-16 09:52:12,218 [13] DEBUG JasminSoft.NHibernateUtils.SessionContext - Session closed.
2011-09-16 09:52:12,250 [11] DEBUG JasminSoft.NHibernateUtils.SessionContext - NHibernate session opened.
2011-09-16 09:52:12,250 [11] DEBUG JasminSoft.NHibernateUtils.SessionContext - Session flushed.
2011-09-16 09:52:12,250 [11] DEBUG JasminSoft.NHibernateUtils.SessionContext - Session closed.
2011-09-16 09:52:12,406 [8] DEBUG JasminSoft.NHibernateUtils.SessionContext - NHibernate session opened.
2011-09-16 09:52:12,406 [8] DEBUG JasminSoft.NHibernateUtils.SessionContext - Session flushed.
2011-09-16 09:52:12,406 [8] DEBUG JasminSoft.NHibernateUtils.SessionContext - Session closed.
2011-09-16 09:52:18,562 [13] DEBUG JasminSoft.NHibernateUtils.SessionContext - NHibernate session opened.
2011-09-16 09:52:18,562 [13] DEBUG JasminSoft.NHibernateUtils.SessionContext - Session flushed.
2011-09-16 09:52:18,562 [13] DEBUG JasminSoft.NHibernateUtils.SessionContext - Session closed.
2011-09-16 09:52:18,562 [13] DEBUG JasminSoft.NHibernateUtils.SessionContext - NHibernate session opened.
2011-09-16 09:52:18,578 [13] DEBUG JasminSoft.NHibernateUtils.SessionContext - Session flushed.
2011-09-16 09:52:18,578 [13] DEBUG JasminSoft.NHibernateUtils.SessionContext - Session closed.
2011-09-16 09:52:18,593 [13] DEBUG JasminSoft.NHibernateUtils.SessionContext - NHibernate session opened.
2011-09-16 09:52:18,656 [13] DEBUG JasminSoft.NHibernateUtils.SessionContext - Session flushed.
2011-09-16 09:52:18,656 [13] DEBUG JasminSoft.NHibernateUtils.SessionContext - Session closed.
2011-09-16 09:52:20,187 [14] DEBUG JasminSoft.NHibernateUtils.SessionContext - NHibernate session opened.
2011-09-16 09:52:20,187 [14] DEBUG JasminSoft.NHibernateUtils.SessionContext - Session flushed.
2011-09-16 09:52:20,187 [14] DEBUG JasminSoft.NHibernateUtils.SessionContext - Session closed.
2011-09-16 09:52:20,187 [14] DEBUG JasminSoft.NHibernateUtils.SessionContext - NHibernate session opened.
2011-09-16 09:52:20,187 [14] DEBUG JasminSoft.NHibernateUtils.SessionContext - Session flushed.
2011-09-16 09:52:20,187 [14] DEBUG JasminSoft.NHibernateUtils.SessionContext - Session closed.
2011-09-16 09:52:20,187 [14] DEBUG JasminSoft.NHibernateUtils.SessionContext - NHibernate session opened.
2011-09-16 09:52:20,234 [14] DEBUG JasminSoft.NHibernateUtils.SessionContext - Session flushed.
2011-09-16 09:52:20,234 [14] DEBUG JasminSoft.NHibernateUtils.SessionContext - Session closed.
2011-09-16 09:52:20,734 [13] DEBUG JasminSoft.NHibernateUtils.SessionContext - NHibernate session opened.
2011-09-16 09:52:20,750 [13] DEBUG JasminSoft.NHibernateUtils.SessionContext - Session flushed.
2011-09-16 09:52:20,750 [13] DEBUG JasminSoft.NHibernateUtils.SessionContext - Session closed.
2011-09-16 09:52:20,750 [13] DEBUG JasminSoft.NHibernateUtils.SessionContext - NHibernate session opened.
2011-09-16 09:52:20,750 [13] DEBUG JasminSoft.NHibernateUtils.SessionContext - Session flushed.
2011-09-16 09:52:20,750 [13] DEBUG JasminSoft.NHibernateUtils.SessionContext - Session closed.
2011-09-16 09:52:20,750 [13] DEBUG JasminSoft.NHibernateUtils.SessionContext - NHibernate session opened.
2011-09-16 09:52:20,765 [13] DEBUG JasminSoft.NHibernateUtils.SessionContext - Session flushed.
2011-09-16 09:52:20,765 [13] DEBUG JasminSoft.NHibernateUtils.SessionContext - Session closed.
2011-09-16 09:52:22,546 [10] DEBUG JasminSoft.NHibernateUtils.SessionContext - NHibernate session opened.
2011-09-16 09:52:22,546 [10] DEBUG JasminSoft.NHibernateUtils.SessionContext - Session flushed.
2011-09-16 09:52:22,546 [10] DEBUG JasminSoft.NHibernateUtils.SessionContext - Session closed.
2011-09-16 09:52:22,546 [10] DEBUG JasminSoft.NHibernateUtils.SessionContext - NHibernate session opened.
2011-09-16 09:52:22,546 [10] DEBUG JasminSoft.NHibernateUtils.SessionContext - Session flushed.
2011-09-16 09:52:22,546 [10] DEBUG JasminSoft.NHibernateUtils.SessionContext - Session closed.
2011-09-16 09:52:22,546 [10] DEBUG JasminSoft.NHibernateUtils.SessionContext - NHibernate session opened.
2011-09-16 09:52:22,578 [10] DEBUG JasminSoft.NHibernateUtils.SessionContext - Session flushed.
2011-09-16 09:52:22,578 [10] DEBUG JasminSoft.NHibernateUtils.SessionContext - Session closed.
2011-09-16 09:52:24,406 [9] DEBUG JasminSoft.NHibernateUtils.SessionContext - NHibernate session opened.
2011-09-16 09:52:24,421 [9] DEBUG JasminSoft.NHibernateUtils.SessionContext - Session flushed.
2011-09-16 09:52:24,421 [9] DEBUG JasminSoft.NHibernateUtils.SessionContext - Session closed.
2011-09-16 09:52:24,421 [9] DEBUG JasminSoft.NHibernateUtils.SessionContext - NHibernate session opened.
2011-09-16 09:52:24,437 [9] DEBUG JasminSoft.NHibernateUtils.SessionContext - Session flushed.
2011-09-16 09:52:24,437 [9] DEBUG JasminSoft.NHibernateUtils.SessionContext - Session closed.
2011-09-16 09:52:24,437 [9] DEBUG JasminSoft.NHibernateUtils.SessionContext - NHibernate session opened.
2011-09-16 09:52:24,500 [9] DEBUG JasminSoft.NHibernateUtils.SessionContext - Session flushed.
2011-09-16 09:52:24,500 [9] DEBUG JasminSoft.NHibernateUtils.SessionContext - Session closed.
2011-09-16 09:52:25,703 [14] DEBUG JasminSoft.NHibernateUtils.SessionContext - NHibernate session opened.
2011-09-16 09:52:25,718 [14] DEBUG JasminSoft.NHibernateUtils.SessionContext - Session flushed.
2011-09-16 09:52:25,718 [14] DEBUG JasminSoft.NHibernateUtils.SessionContext - Session closed.
2011-09-16 09:52:25,718 [14] DEBUG JasminSoft.NHibernateUtils.SessionContext - NHibernate session opened.
2011-09-16 09:52:25,718 [14] DEBUG JasminSoft.NHibernateUtils.SessionContext - Session flushed.
2011-09-16 09:52:25,718 [14] DEBUG JasminSoft.NHibernateUtils.SessionContext - Session closed.
2011-09-16 09:52:25,718 [14] DEBUG JasminSoft.NHibernateUtils.SessionContext - NHibernate session opened.
2011-09-16 09:52:25,765 [14] DEBUG JasminSoft.NHibernateUtils.SessionContext - Session flushed.
2011-09-16 09:52:25,765 [14] DEBUG JasminSoft.NHibernateUtils.SessionContext - Session closed.
2011-09-16 09:52:29,234 [10] DEBUG JasminSoft.NHibernateUtils.SessionContext - NHibernate session opened.
2011-09-16 09:52:29,250 [10] DEBUG JasminSoft.NHibernateUtils.SessionContext - Session flushed.
2011-09-16 09:52:29,250 [10] DEBUG JasminSoft.NHibernateUtils.SessionContext - Session closed.
2011-09-16 09:52:29,250 [10] DEBUG JasminSoft.NHibernateUtils.SessionContext - NHibernate session opened.
2011-09-16 09:52:29,265 [10] DEBUG JasminSoft.NHibernateUtils.SessionContext - Session flushed.
2011-09-16 09:52:29,265 [10] DEBUG JasminSoft.NHibernateUtils.SessionContext - Session closed.
2011-09-16 09:52:29,265 [10] DEBUG JasminSoft.NHibernateUtils.SessionContext - NHibernate session opened.
2011-09-16 09:52:29,265 [10] DEBUG JasminSoft.NHibernateUtils.SessionContext - Session flushed.
2011-09-16 09:52:29,265 [10] DEBUG JasminSoft.NHibernateUtils.SessionContext - Session closed.
2011-09-16 22:03:04,046 [8] DEBUG JasminSoft.NHibernateUtils.SessionContext - NHibernate session factory built.
2011-09-16 22:03:04,093 [8] DEBUG JasminSoft.NHibernateUtils.SessionContext - NHibernate session opened.
2011-09-16 22:03:04,843 [8] DEBUG JasminSoft.NHibernateUtils.SessionContext - Session flushed.
2011-09-16 22:03:04,859 [8] DEBUG JasminSoft.NHibernateUtils.SessionContext - Session closed.
2011-09-16 22:03:06,187 [9] DEBUG JasminSoft.NHibernateUtils.SessionContext - NHibernate session opened.
2011-09-16 22:03:06,187 [9] DEBUG JasminSoft.NHibernateUtils.SessionContext - Session flushed.
2011-09-16 22:03:06,187 [9] DEBUG JasminSoft.NHibernateUtils.SessionContext - Session closed.
2011-09-16 22:03:06,781 [4] DEBUG JasminSoft.NHibernateUtils.SessionContext - NHibernate session opened.
2011-09-16 22:03:06,812 [4] DEBUG JasminSoft.NHibernateUtils.SessionContext - Session flushed.
2011-09-16 22:03:06,812 [4] DEBUG JasminSoft.NHibernateUtils.SessionContext - Session closed.
2011-09-16 22:03:06,828 [9] DEBUG JasminSoft.NHibernateUtils.SessionContext - NHibernate session opened.
2011-09-16 22:03:06,843 [9] DEBUG JasminSoft.NHibernateUtils.SessionContext - Session flushed.
2011-09-16 22:03:06,843 [9] DEBUG JasminSoft.NHibernateUtils.SessionContext - Session closed.
2011-09-16 22:03:06,843 [9] DEBUG JasminSoft.NHibernateUtils.SessionContext - NHibernate session opened.
2011-09-16 22:03:06,968 [9] DEBUG JasminSoft.NHibernateUtils.SessionContext - Session flushed.
2011-09-16 22:03:06,968 [9] DEBUG JasminSoft.NHibernateUtils.SessionContext - Session closed.
2011-09-16 22:03:07,390 [8] DEBUG JasminSoft.NHibernateUtils.SessionContext - NHibernate session opened.
2011-09-16 22:03:07,406 [8] DEBUG JasminSoft.NHibernateUtils.SessionContext - Session flushed.
2011-09-16 22:03:07,406 [8] DEBUG JasminSoft.NHibernateUtils.SessionContext - Session closed.
2011-09-16 22:03:07,890 [8] DEBUG JasminSoft.NHibernateUtils.SessionContext - NHibernate session opened.
2011-09-16 22:03:07,890 [8] DEBUG JasminSoft.NHibernateUtils.SessionContext - Session flushed.
2011-09-16 22:03:07,890 [8] DEBUG JasminSoft.NHibernateUtils.SessionContext - Session closed.
2011-09-16 22:03:08,390 [4] DEBUG JasminSoft.NHibernateUtils.SessionContext - NHibernate session opened.
2011-09-16 22:03:08,406 [4] DEBUG JasminSoft.NHibernateUtils.SessionContext - Session flushed.
2011-09-16 22:03:08,406 [4] DEBUG JasminSoft.NHibernateUtils.SessionContext - Session closed.
2011-09-16 22:03:10,078 [4] DEBUG JasminSoft.NHibernateUtils.SessionContext - NHibernate session opened.
2011-09-16 22:03:10,093 [4] DEBUG JasminSoft.NHibernateUtils.SessionContext - Session flushed.
2011-09-16 22:03:10,093 [4] DEBUG JasminSoft.NHibernateUtils.SessionContext - Session closed.
2011-09-16 22:03:10,109 [8] DEBUG JasminSoft.NHibernateUtils.SessionContext - NHibernate session opened.
2011-09-16 22:03:10,125 [8] DEBUG JasminSoft.NHibernateUtils.SessionContext - Session flushed.
2011-09-16 22:03:10,125 [8] DEBUG JasminSoft.NHibernateUtils.SessionContext - Session closed.
2011-09-16 22:03:10,187 [4] DEBUG JasminSoft.NHibernateUtils.SessionContext - NHibernate session opened.
2011-09-16 22:03:10,203 [4] DEBUG JasminSoft.NHibernateUtils.SessionContext - Session flushed.
2011-09-16 22:03:10,203 [4] DEBUG JasminSoft.NHibernateUtils.SessionContext - Session closed.
2011-09-16 22:03:17,703 [8] DEBUG JasminSoft.NHibernateUtils.SessionContext - NHibernate session opened.
2011-09-16 22:03:17,703 [8] DEBUG JasminSoft.NHibernateUtils.SessionContext - Session flushed.
2011-09-16 22:03:17,703 [8] DEBUG JasminSoft.NHibernateUtils.SessionContext - Session closed.
2011-09-16 22:03:17,703 [8] DEBUG JasminSoft.NHibernateUtils.SessionContext - NHibernate session opened.
2011-09-16 22:03:17,812 [8] DEBUG JasminSoft.NHibernateUtils.SessionContext - Session flushed.
2011-09-16 22:03:17,812 [8] DEBUG JasminSoft.NHibernateUtils.SessionContext - Session closed.
2011-09-16 22:03:17,812 [8] DEBUG JasminSoft.NHibernateUtils.SessionContext - NHibernate session opened.
2011-09-16 22:03:17,875 [8] DEBUG JasminSoft.NHibernateUtils.SessionContext - Session flushed.
2011-09-16 22:03:17,875 [8] DEBUG JasminSoft.NHibernateUtils.SessionContext - Session closed.
2011-09-16 22:03:20,421 [8] DEBUG JasminSoft.NHibernateUtils.SessionContext - NHibernate session opened.
2011-09-16 22:03:20,421 [8] DEBUG JasminSoft.NHibernateUtils.SessionContext - Session flushed.
2011-09-16 22:03:20,421 [8] DEBUG JasminSoft.NHibernateUtils.SessionContext - Session closed.
2011-09-16 22:03:20,421 [8] DEBUG JasminSoft.NHibernateUtils.SessionContext - NHibernate session opened.
2011-09-16 22:03:20,453 [8] DEBUG JasminSoft.NHibernateUtils.SessionContext - Session flushed.
2011-09-16 22:03:20,453 [8] DEBUG JasminSoft.NHibernateUtils.SessionContext - Session closed.
2011-09-16 22:03:25,750 [4] DEBUG JasminSoft.NHibernateUtils.SessionContext - NHibernate session opened.
2011-09-16 22:03:25,750 [4] DEBUG JasminSoft.NHibernateUtils.SessionContext - Session flushed.
2011-09-16 22:03:25,750 [4] DEBUG JasminSoft.NHibernateUtils.SessionContext - Session closed.
2011-09-16 22:03:25,765 [4] DEBUG JasminSoft.NHibernateUtils.SessionContext - NHibernate session opened.
2011-09-16 22:03:25,828 [4] DEBUG JasminSoft.NHibernateUtils.SessionContext - Session flushed.
2011-09-16 22:03:25,828 [4] DEBUG JasminSoft.NHibernateUtils.SessionContext - Session closed.
2011-09-16 22:03:26,328 [8] DEBUG JasminSoft.NHibernateUtils.SessionContext - NHibernate session opened.
2011-09-16 22:03:26,343 [8] DEBUG JasminSoft.NHibernateUtils.SessionContext - Session flushed.
2011-09-16 22:03:26,343 [8] DEBUG JasminSoft.NHibernateUtils.SessionContext - Session closed.
2011-09-16 22:03:26,781 [9] DEBUG JasminSoft.NHibernateUtils.SessionContext - NHibernate session opened.
2011-09-16 22:03:26,796 [9] DEBUG JasminSoft.NHibernateUtils.SessionContext - Session flushed.
2011-09-16 22:03:26,796 [9] DEBUG JasminSoft.NHibernateUtils.SessionContext - Session closed.
2011-09-16 22:03:26,828 [4] DEBUG JasminSoft.NHibernateUtils.SessionContext - NHibernate session opened.
2011-09-16 22:03:26,843 [4] DEBUG JasminSoft.NHibernateUtils.SessionContext - Session flushed.
2011-09-16 22:03:26,843 [4] DEBUG JasminSoft.NHibernateUtils.SessionContext - Session closed.
2011-09-16 22:03:27,328 [4] DEBUG JasminSoft.NHibernateUtils.SessionContext - NHibernate session opened.
2011-09-16 22:03:27,328 [4] DEBUG JasminSoft.NHibernateUtils.SessionContext - Session flushed.
2011-09-16 22:03:27,328 [4] DEBUG JasminSoft.NHibernateUtils.SessionContext - Session closed.
2011-09-16 22:03:27,343 [8] DEBUG JasminSoft.NHibernateUtils.SessionContext - NHibernate session opened.
2011-09-16 22:03:27,359 [8] DEBUG JasminSoft.NHibernateUtils.SessionContext - Session flushed.
2011-09-16 22:03:27,359 [8] DEBUG JasminSoft.NHibernateUtils.SessionContext - Session closed.
2011-09-16 22:03:27,390 [11] DEBUG JasminSoft.NHibernateUtils.SessionContext - NHibernate session opened.
2011-09-16 22:03:27,437 [11] DEBUG JasminSoft.NHibernateUtils.SessionContext - Session flushed.
2011-09-16 22:03:27,437 [11] DEBUG JasminSoft.NHibernateUtils.SessionContext - Session closed.
2011-09-16 22:03:27,937 [11] DEBUG JasminSoft.NHibernateUtils.SessionContext - NHibernate session opened.
2011-09-16 22:03:27,953 [11] DEBUG JasminSoft.NHibernateUtils.SessionContext - Session flushed.
2011-09-16 22:03:27,953 [11] DEBUG JasminSoft.NHibernateUtils.SessionContext - Session closed.
2011-09-16 22:03:30,218 [11] DEBUG JasminSoft.NHibernateUtils.SessionContext - NHibernate session opened.
2011-09-16 22:03:30,218 [11] DEBUG JasminSoft.NHibernateUtils.SessionContext - Session flushed.
2011-09-16 22:03:30,218 [11] DEBUG JasminSoft.NHibernateUtils.SessionContext - Session closed.
2011-09-16 22:03:30,265 [8] DEBUG JasminSoft.NHibernateUtils.SessionContext - NHibernate session opened.
2011-09-16 22:03:30,265 [8] DEBUG JasminSoft.NHibernateUtils.SessionContext - Session flushed.
2011-09-16 22:03:30,265 [8] DEBUG JasminSoft.NHibernateUtils.SessionContext - Session closed.
